{"/Users/l.kuzenko/pet/cr-app/src/asyncComponent.js": {"path":"/Users/l.kuzenko/pet/cr-app/src/asyncComponent.js","statementMap":{"0":{"start":{"line":6,"column":6},"end":{"line":6,"column":19}},"1":{"start":{"line":8,"column":6},"end":{"line":8,"column":39}},"2":{"start":{"line":12,"column":37},"end":{"line":12,"column":60}},"3":{"start":{"line":14,"column":6},"end":{"line":14,"column":35}},"4":{"start":{"line":18,"column":16},"end":{"line":18,"column":36}},"5":{"start":{"line":20,"column":6},"end":{"line":20,"column":46}},"6":{"start":{"line":24,"column":2},"end":{"line":24,"column":24}}},"fnMap":{"0":{"name":"asyncComponent","decl":{"start":{"line":3,"column":24},"end":{"line":3,"column":38}},"loc":{"start":{"line":3,"column":56},"end":{"line":25,"column":1}},"line":3},"1":{"name":"(anonymous_1)","decl":{"start":{"line":5,"column":4},"end":{"line":5,"column":5}},"loc":{"start":{"line":5,"column":23},"end":{"line":9,"column":5}},"line":5},"2":{"name":"(anonymous_2)","decl":{"start":{"line":11,"column":4},"end":{"line":11,"column":5}},"loc":{"start":{"line":11,"column":30},"end":{"line":15,"column":5}},"line":11},"3":{"name":"(anonymous_3)","decl":{"start":{"line":17,"column":4},"end":{"line":17,"column":5}},"loc":{"start":{"line":17,"column":13},"end":{"line":21,"column":5}},"line":17}},"branchMap":{"0":{"loc":{"start":{"line":20,"column":13},"end":{"line":20,"column":45}},"type":"cond-expr","locations":[{"start":{"line":20,"column":17},"end":{"line":20,"column":38}},{"start":{"line":20,"column":41},"end":{"line":20,"column":45}}],"line":20}},"s":{"0":0,"1":0,"2":0,"3":0,"4":0,"5":0,"6":6},"f":{"0":6,"1":0,"2":0,"3":0},"b":{"0":[0,0]},"_coverageSchema":"332fd63041d2c1bcb487cc26dd0d5f7d97098a6c","hash":"8e1d0d08f7994dcce365ba714b15a570b89560f2"}
,"/Users/l.kuzenko/pet/cr-app/src/http.service.js": {"path":"/Users/l.kuzenko/pet/cr-app/src/http.service.js","statementMap":{"0":{"start":{"line":1,"column":13},"end":{"line":1,"column":75}},"1":{"start":{"line":1,"column":93},"end":{"line":1,"column":114}},"2":{"start":{"line":1,"column":134},"end":{"line":1,"column":169}},"3":{"start":{"line":1,"column":208},"end":{"line":1,"column":262}},"4":{"start":{"line":5,"column":4},"end":{"line":5,"column":27}},"5":{"start":{"line":14,"column":4},"end":{"line":30,"column":7}},"6":{"start":{"line":27,"column":14},"end":{"line":27,"column":32}},"7":{"start":{"line":29,"column":6},"end":{"line":29,"column":27}},"8":{"start":{"line":35,"column":4},"end":{"line":51,"column":7}},"9":{"start":{"line":48,"column":14},"end":{"line":48,"column":32}},"10":{"start":{"line":50,"column":6},"end":{"line":50,"column":27}},"11":{"start":{"line":56,"column":4},"end":{"line":67,"column":7}},"12":{"start":{"line":64,"column":14},"end":{"line":64,"column":32}},"13":{"start":{"line":66,"column":6},"end":{"line":66,"column":27}},"14":{"start":{"line":75,"column":4},"end":{"line":82,"column":5}},"15":{"start":{"line":76,"column":6},"end":{"line":76,"column":26}},"16":{"start":{"line":77,"column":11},"end":{"line":82,"column":5}},"17":{"start":{"line":78,"column":6},"end":{"line":78,"column":41}},"18":{"start":{"line":80,"column":6},"end":{"line":80,"column":21}},"19":{"start":{"line":83,"column":4},"end":{"line":86,"column":31}}},"fnMap":{"0":{"name":"_interopRequireDefault","decl":{"start":{"line":1,"column":179},"end":{"line":1,"column":201}},"loc":{"start":{"line":1,"column":207},"end":{"line":1,"column":263}},"line":1},"1":{"name":"(anonymous_1)","decl":{"start":{"line":4,"column":2},"end":{"line":4,"column":3}},"loc":{"start":{"line":4,"column":23},"end":{"line":6,"column":3}},"line":4},"2":{"name":"(anonymous_2)","decl":{"start":{"line":13,"column":2},"end":{"line":13,"column":3}},"loc":{"start":{"line":13,"column":23},"end":{"line":31,"column":3}},"line":13},"3":{"name":"(anonymous_3)","decl":{"start":{"line":24,"column":19},"end":{"line":24,"column":20}},"loc":{"start":{"line":24,"column":28},"end":{"line":26,"column":5}},"line":24},"4":{"name":"(anonymous_4)","decl":{"start":{"line":27,"column":7},"end":{"line":27,"column":8}},"loc":{"start":{"line":27,"column":14},"end":{"line":27,"column":32}},"line":27},"5":{"name":"(anonymous_5)","decl":{"start":{"line":28,"column":9},"end":{"line":28,"column":10}},"loc":{"start":{"line":28,"column":21},"end":{"line":30,"column":5}},"line":28},"6":{"name":"(anonymous_6)","decl":{"start":{"line":34,"column":2},"end":{"line":34,"column":3}},"loc":{"start":{"line":34,"column":24},"end":{"line":52,"column":3}},"line":34},"7":{"name":"(anonymous_7)","decl":{"start":{"line":45,"column":19},"end":{"line":45,"column":20}},"loc":{"start":{"line":45,"column":28},"end":{"line":47,"column":5}},"line":45},"8":{"name":"(anonymous_8)","decl":{"start":{"line":48,"column":7},"end":{"line":48,"column":8}},"loc":{"start":{"line":48,"column":14},"end":{"line":48,"column":32}},"line":48},"9":{"name":"(anonymous_9)","decl":{"start":{"line":49,"column":9},"end":{"line":49,"column":10}},"loc":{"start":{"line":49,"column":21},"end":{"line":51,"column":5}},"line":49},"10":{"name":"(anonymous_10)","decl":{"start":{"line":55,"column":2},"end":{"line":55,"column":3}},"loc":{"start":{"line":55,"column":26},"end":{"line":68,"column":3}},"line":55},"11":{"name":"(anonymous_11)","decl":{"start":{"line":64,"column":7},"end":{"line":64,"column":8}},"loc":{"start":{"line":64,"column":14},"end":{"line":64,"column":32}},"line":64},"12":{"name":"(anonymous_12)","decl":{"start":{"line":65,"column":9},"end":{"line":65,"column":10}},"loc":{"start":{"line":65,"column":21},"end":{"line":67,"column":5}},"line":65},"13":{"name":"(anonymous_13)","decl":{"start":{"line":74,"column":2},"end":{"line":74,"column":3}},"loc":{"start":{"line":74,"column":20},"end":{"line":83,"column":3}},"line":74}},"branchMap":{"0":{"loc":{"start":{"line":1,"column":215},"end":{"line":1,"column":261}},"type":"cond-expr","locations":[{"start":{"line":1,"column":239},"end":{"line":1,"column":242}},{"start":{"line":1,"column":245},"end":{"line":1,"column":261}}],"line":1},"1":{"loc":{"start":{"line":1,"column":215},"end":{"line":1,"column":236}},"type":"binary-expr","locations":[{"start":{"line":1,"column":215},"end":{"line":1,"column":218}},{"start":{"line":1,"column":222},"end":{"line":1,"column":236}}],"line":1},"2":{"loc":{"start":{"line":13,"column":11},"end":{"line":13,"column":21}},"type":"default-arg","locations":[{"start":{"line":13,"column":19},"end":{"line":13,"column":21}}],"line":13},"3":{"loc":{"start":{"line":34,"column":12},"end":{"line":34,"column":22}},"type":"default-arg","locations":[{"start":{"line":34,"column":20},"end":{"line":34,"column":22}}],"line":34},"4":{"loc":{"start":{"line":55,"column":14},"end":{"line":55,"column":24}},"type":"default-arg","locations":[{"start":{"line":55,"column":22},"end":{"line":55,"column":24}}],"line":55},"5":{"loc":{"start":{"line":75,"column":4},"end":{"line":82,"column":5}},"type":"if","locations":[{"start":{"line":75,"column":4},"end":{"line":82,"column":5}},{"start":{"line":75,"column":4},"end":{"line":82,"column":5}}],"line":75},"6":{"loc":{"start":{"line":77,"column":11},"end":{"line":82,"column":5}},"type":"if","locations":[{"start":{"line":77,"column":11},"end":{"line":82,"column":5}},{"start":{"line":77,"column":11},"end":{"line":82,"column":5}}],"line":77}},"s":{"0":0,"1":0,"2":0,"3":0,"4":0,"5":0,"6":0,"7":0,"8":0,"9":0,"10":0,"11":0,"12":0,"13":0,"14":0,"15":0,"16":0,"17":0,"18":0,"19":0},"f":{"0":0,"1":0,"2":0,"3":0,"4":0,"5":0,"6":0,"7":0,"8":0,"9":0,"10":0,"11":0,"12":0,"13":0},"b":{"0":[0,0],"1":[0,0],"2":[0],"3":[0],"4":[0],"5":[0,0],"6":[0,0]}}
,"/Users/l.kuzenko/pet/cr-app/src/index.js": {"path":"/Users/l.kuzenko/pet/cr-app/src/index.js","statementMap":{"0":{"start":{"line":1,"column":32},"end":{"line":1,"column":74}},"1":{"start":{"line":1,"column":75},"end":{"line":1,"column":98}},"2":{"start":{"line":2,"column":0},"end":{"line":2,"column":25}},"3":{"start":{"line":3,"column":0},"end":{"line":3,"column":44}},"4":{"start":{"line":5,"column":13},"end":{"line":5,"column":29}},"5":{"start":{"line":5,"column":44},"end":{"line":5,"column":74}},"6":{"start":{"line":6,"column":16},"end":{"line":6,"column":36}},"7":{"start":{"line":6,"column":54},"end":{"line":6,"column":87}},"8":{"start":{"line":7,"column":15},"end":{"line":7,"column":35}},"9":{"start":{"line":8,"column":29},"end":{"line":8,"column":63}},"10":{"start":{"line":8,"column":94},"end":{"line":8,"column":140}},"11":{"start":{"line":9,"column":22},"end":{"line":9,"column":49}},"12":{"start":{"line":9,"column":88},"end":{"line":9,"column":142}},"13":{"start":{"line":11,"column":0},"end":{"line":11,"column":317}},"14":{"start":{"line":12,"column":0},"end":{"line":12,"column":39}}},"fnMap":{"0":{"name":"_interopRequireDefault","decl":{"start":{"line":9,"column":59},"end":{"line":9,"column":81}},"loc":{"start":{"line":9,"column":87},"end":{"line":9,"column":143}},"line":9}},"branchMap":{"0":{"loc":{"start":{"line":9,"column":95},"end":{"line":9,"column":141}},"type":"cond-expr","locations":[{"start":{"line":9,"column":119},"end":{"line":9,"column":122}},{"start":{"line":9,"column":125},"end":{"line":9,"column":141}}],"line":9},"1":{"loc":{"start":{"line":9,"column":95},"end":{"line":9,"column":116}},"type":"binary-expr","locations":[{"start":{"line":9,"column":95},"end":{"line":9,"column":98}},{"start":{"line":9,"column":102},"end":{"line":9,"column":116}}],"line":9}},"s":{"0":0,"1":0,"2":0,"3":0,"4":0,"5":0,"6":0,"7":0,"8":0,"9":0,"10":0,"11":0,"12":0,"13":0,"14":0},"f":{"0":0},"b":{"0":[0,0],"1":[0,0]}}
,"/Users/l.kuzenko/pet/cr-app/src/registerServiceWorker.js": {"path":"/Users/l.kuzenko/pet/cr-app/src/registerServiceWorker.js","statementMap":{"0":{"start":{"line":1,"column":13},"end":{"line":1,"column":75}},"1":{"start":{"line":1,"column":75},"end":{"line":21,"column":9}},"2":{"start":{"line":21,"column":9},"end":{"line":111,"column":24}},"3":{"start":{"line":118,"column":20},"end":{"line":120,"column":89}},"4":{"start":{"line":120,"column":111},"end":{"line":128,"column":36}},"5":{"start":{"line":121,"column":22},"end":{"line":121,"column":70}},"6":{"start":{"line":121,"column":71},"end":{"line":124,"column":14}},"7":{"start":{"line":124,"column":6},"end":{"line":124,"column":13}},"8":{"start":{"line":124,"column":14},"end":{"line":128,"column":35}},"9":{"start":{"line":124,"column":67},"end":{"line":124,"column":112}},"10":{"start":{"line":124,"column":113},"end":{"line":128,"column":32}},"11":{"start":{"line":125,"column":8},"end":{"line":125,"column":39}},"12":{"start":{"line":127,"column":8},"end":{"line":127,"column":178}},"13":{"start":{"line":127,"column":50},"end":{"line":127,"column":175}},"14":{"start":{"line":128,"column":8},"end":{"line":128,"column":31}},"15":{"start":{"line":128,"column":70},"end":{"line":135,"column":156}},"16":{"start":{"line":128,"column":132},"end":{"line":135,"column":68}},"17":{"start":{"line":128,"column":193},"end":{"line":128,"column":216}},"18":{"start":{"line":128,"column":217},"end":{"line":135,"column":66}},"19":{"start":{"line":128,"column":257},"end":{"line":135,"column":64}},"20":{"start":{"line":128,"column":302},"end":{"line":135,"column":63}},"21":{"start":{"line":132,"column":12},"end":{"line":132,"column":69}},"22":{"start":{"line":135,"column":12},"end":{"line":135,"column":62}},"23":{"start":{"line":135,"column":87},"end":{"line":135,"column":153}},"24":{"start":{"line":136,"column":2},"end":{"line":139,"column":126}},"25":{"start":{"line":137,"column":4},"end":{"line":139,"column":30}},"26":{"start":{"line":138,"column":6},"end":{"line":138,"column":127}},"27":{"start":{"line":138,"column":58},"end":{"line":138,"column":124}},"28":{"start":{"line":138,"column":96},"end":{"line":138,"column":121}},"29":{"start":{"line":139,"column":6},"end":{"line":139,"column":29}},"30":{"start":{"line":139,"column":46},"end":{"line":139,"column":123}},"31":{"start":{"line":139,"column":150},"end":{"line":139,"column":267}},"32":{"start":{"line":139,"column":185},"end":{"line":139,"column":266}},"33":{"start":{"line":139,"column":237},"end":{"line":139,"column":263}}},"fnMap":{"0":{"name":"register","decl":{"start":{"line":120,"column":99},"end":{"line":120,"column":107}},"loc":{"start":{"line":120,"column":110},"end":{"line":128,"column":37}},"line":120},"1":{"name":"(anonymous_1)","decl":{"start":{"line":124,"column":46},"end":{"line":124,"column":47}},"loc":{"start":{"line":124,"column":52},"end":{"line":128,"column":33}},"line":124},"2":{"name":"(anonymous_2)","decl":{"start":{"line":127,"column":43},"end":{"line":127,"column":44}},"loc":{"start":{"line":127,"column":49},"end":{"line":127,"column":176}},"line":127},"3":{"name":"registerValidSW","decl":{"start":{"line":128,"column":46},"end":{"line":128,"column":61}},"loc":{"start":{"line":128,"column":69},"end":{"line":135,"column":157}},"line":128},"4":{"name":"(anonymous_4)","decl":{"start":{"line":128,"column":115},"end":{"line":128,"column":116}},"loc":{"start":{"line":128,"column":131},"end":{"line":135,"column":69}},"line":128},"5":{"name":"(anonymous_5)","decl":{"start":{"line":128,"column":161},"end":{"line":128,"column":162}},"loc":{"start":{"line":128,"column":167},"end":{"line":135,"column":67}},"line":128},"6":{"name":"(anonymous_6)","decl":{"start":{"line":128,"column":250},"end":{"line":128,"column":251}},"loc":{"start":{"line":128,"column":256},"end":{"line":135,"column":65}},"line":128},"7":{"name":"(anonymous_7)","decl":{"start":{"line":135,"column":77},"end":{"line":135,"column":78}},"loc":{"start":{"line":135,"column":86},"end":{"line":135,"column":154}},"line":135},"8":{"name":"checkValidServiceWorker","decl":{"start":{"line":135,"column":166},"end":{"line":135,"column":189}},"loc":{"start":{"line":135,"column":197},"end":{"line":139,"column":127}},"line":135},"9":{"name":"(anonymous_9)","decl":{"start":{"line":136,"column":20},"end":{"line":136,"column":21}},"loc":{"start":{"line":136,"column":32},"end":{"line":139,"column":31}},"line":136},"10":{"name":"(anonymous_10)","decl":{"start":{"line":138,"column":41},"end":{"line":138,"column":42}},"loc":{"start":{"line":138,"column":57},"end":{"line":138,"column":125}},"line":138},"11":{"name":"(anonymous_11)","decl":{"start":{"line":138,"column":89},"end":{"line":138,"column":90}},"loc":{"start":{"line":138,"column":95},"end":{"line":138,"column":122}},"line":138},"12":{"name":"(anonymous_12)","decl":{"start":{"line":139,"column":39},"end":{"line":139,"column":40}},"loc":{"start":{"line":139,"column":45},"end":{"line":139,"column":124}},"line":139},"13":{"name":"unregister","decl":{"start":{"line":139,"column":136},"end":{"line":139,"column":146}},"loc":{"start":{"line":139,"column":149},"end":{"line":139,"column":268}},"line":139},"14":{"name":"(anonymous_14)","decl":{"start":{"line":139,"column":220},"end":{"line":139,"column":221}},"loc":{"start":{"line":139,"column":236},"end":{"line":139,"column":264}},"line":139}},"branchMap":{"0":{"loc":{"start":{"line":118,"column":28},"end":{"line":120,"column":88}},"type":"binary-expr","locations":[{"start":{"line":118,"column":28},"end":{"line":118,"column":68}},{"start":{"line":119,"column":0},"end":{"line":119,"column":36}},{"start":{"line":120,"column":0},"end":{"line":120,"column":88}}],"line":118},"1":{"loc":{"start":{"line":120,"column":111},"end":{"line":128,"column":36}},"type":"if","locations":[{"start":{"line":120,"column":111},"end":{"line":128,"column":36}},{"start":{"line":120,"column":111},"end":{"line":128,"column":36}}],"line":120},"2":{"loc":{"start":{"line":120,"column":115},"end":{"line":120,"column":184}},"type":"binary-expr","locations":[{"start":{"line":120,"column":115},"end":{"line":120,"column":152}},{"start":{"line":120,"column":156},"end":{"line":120,"column":184}}],"line":120},"3":{"loc":{"start":{"line":121,"column":71},"end":{"line":124,"column":14}},"type":"if","locations":[{"start":{"line":121,"column":71},"end":{"line":124,"column":14}},{"start":{"line":121,"column":71},"end":{"line":124,"column":14}}],"line":121},"4":{"loc":{"start":{"line":124,"column":113},"end":{"line":128,"column":32}},"type":"if","locations":[{"start":{"line":124,"column":113},"end":{"line":128,"column":32}},{"start":{"line":124,"column":113},"end":{"line":128,"column":32}}],"line":124},"5":{"loc":{"start":{"line":128,"column":257},"end":{"line":135,"column":64}},"type":"if","locations":[{"start":{"line":128,"column":257},"end":{"line":135,"column":64}},{"start":{"line":128,"column":257},"end":{"line":135,"column":64}}],"line":128},"6":{"loc":{"start":{"line":128,"column":302},"end":{"line":135,"column":63}},"type":"if","locations":[{"start":{"line":128,"column":302},"end":{"line":135,"column":63}},{"start":{"line":128,"column":302},"end":{"line":135,"column":63}}],"line":128},"7":{"loc":{"start":{"line":137,"column":4},"end":{"line":139,"column":30}},"type":"if","locations":[{"start":{"line":137,"column":4},"end":{"line":139,"column":30}},{"start":{"line":137,"column":4},"end":{"line":139,"column":30}}],"line":137},"8":{"loc":{"start":{"line":137,"column":8},"end":{"line":137,"column":100}},"type":"binary-expr","locations":[{"start":{"line":137,"column":8},"end":{"line":137,"column":31}},{"start":{"line":137,"column":35},"end":{"line":137,"column":100}}],"line":137},"9":{"loc":{"start":{"line":139,"column":150},"end":{"line":139,"column":267}},"type":"if","locations":[{"start":{"line":139,"column":150},"end":{"line":139,"column":267}},{"start":{"line":139,"column":150},"end":{"line":139,"column":267}}],"line":139}},"s":{"0":0,"1":0,"2":0,"3":0,"4":0,"5":0,"6":0,"7":0,"8":0,"9":0,"10":0,"11":0,"12":0,"13":0,"14":0,"15":0,"16":0,"17":0,"18":0,"19":0,"20":0,"21":0,"22":0,"23":0,"24":0,"25":0,"26":0,"27":0,"28":0,"29":0,"30":0,"31":0,"32":0,"33":0},"f":{"0":0,"1":0,"2":0,"3":0,"4":0,"5":0,"6":0,"7":0,"8":0,"9":0,"10":0,"11":0,"12":0,"13":0,"14":0},"b":{"0":[0,0,0],"1":[0,0],"2":[0,0],"3":[0,0],"4":[0,0],"5":[0,0],"6":[0,0],"7":[0,0],"8":[0,0],"9":[0,0]}}
,"/Users/l.kuzenko/pet/cr-app/src/routes.js": {"path":"/Users/l.kuzenko/pet/cr-app/src/routes.js","statementMap":{"0":{"start":{"line":4,"column":19},"end":{"line":4,"column":31}},"1":{"start":{"line":5,"column":23},"end":{"line":5,"column":38}},"2":{"start":{"line":7,"column":29},"end":{"line":7,"column":94}},"3":{"start":{"line":7,"column":50},"end":{"line":7,"column":93}},"4":{"start":{"line":8,"column":18},"end":{"line":8,"column":72}},"5":{"start":{"line":8,"column":39},"end":{"line":8,"column":71}},"6":{"start":{"line":9,"column":19},"end":{"line":9,"column":75}},"7":{"start":{"line":9,"column":40},"end":{"line":9,"column":74}},"8":{"start":{"line":10,"column":22},"end":{"line":10,"column":84}},"9":{"start":{"line":10,"column":43},"end":{"line":10,"column":83}},"10":{"start":{"line":11,"column":19},"end":{"line":11,"column":75}},"11":{"start":{"line":11,"column":40},"end":{"line":11,"column":74}},"12":{"start":{"line":12,"column":22},"end":{"line":12,"column":91}},"13":{"start":{"line":12,"column":43},"end":{"line":12,"column":90}},"14":{"start":{"line":14,"column":22},"end":{"line":33,"column":2}}},"fnMap":{"0":{"name":"(anonymous_0)","decl":{"start":{"line":7,"column":44},"end":{"line":7,"column":45}},"loc":{"start":{"line":7,"column":50},"end":{"line":7,"column":93}},"line":7},"1":{"name":"(anonymous_1)","decl":{"start":{"line":8,"column":33},"end":{"line":8,"column":34}},"loc":{"start":{"line":8,"column":39},"end":{"line":8,"column":71}},"line":8},"2":{"name":"(anonymous_2)","decl":{"start":{"line":9,"column":34},"end":{"line":9,"column":35}},"loc":{"start":{"line":9,"column":40},"end":{"line":9,"column":74}},"line":9},"3":{"name":"(anonymous_3)","decl":{"start":{"line":10,"column":37},"end":{"line":10,"column":38}},"loc":{"start":{"line":10,"column":43},"end":{"line":10,"column":83}},"line":10},"4":{"name":"(anonymous_4)","decl":{"start":{"line":11,"column":34},"end":{"line":11,"column":35}},"loc":{"start":{"line":11,"column":40},"end":{"line":11,"column":74}},"line":11},"5":{"name":"(anonymous_5)","decl":{"start":{"line":12,"column":37},"end":{"line":12,"column":38}},"loc":{"start":{"line":12,"column":43},"end":{"line":12,"column":90}},"line":12}},"branchMap":{},"s":{"0":1,"1":1,"2":1,"3":0,"4":1,"5":0,"6":1,"7":0,"8":1,"9":0,"10":1,"11":0,"12":1,"13":0,"14":1},"f":{"0":0,"1":0,"2":0,"3":0,"4":0,"5":0},"b":{},"_coverageSchema":"332fd63041d2c1bcb487cc26dd0d5f7d97098a6c","hash":"8853676c62d479ee397aa54aa9aa0d35eb070315"}
,"/Users/l.kuzenko/pet/cr-app/src/setupTests.js": {"path":"/Users/l.kuzenko/pet/cr-app/src/setupTests.js","statementMap":{"0":{"start":{"line":4,"column":0},"end":{"line":4,"column":38}}},"fnMap":{},"branchMap":{},"s":{"0":1},"f":{},"b":{},"_coverageSchema":"332fd63041d2c1bcb487cc26dd0d5f7d97098a6c","hash":"1e0e84488a8d8a91b118364d7fd6cc74ebc7ed60"}
,"/Users/l.kuzenko/pet/cr-app/src/components/index.js": {"path":"/Users/l.kuzenko/pet/cr-app/src/components/index.js","statementMap":{},"fnMap":{},"branchMap":{},"s":{},"f":{},"b":{},"_coverageSchema":"332fd63041d2c1bcb487cc26dd0d5f7d97098a6c","hash":"c9a6db3ad0ca6ed377ab6f07f3224980b249e740"}
,"/Users/l.kuzenko/pet/cr-app/src/components/Footer/footer.js": {"path":"/Users/l.kuzenko/pet/cr-app/src/components/Footer/footer.js","statementMap":{"0":{"start":{"line":4,"column":22},"end":{"line":10,"column":1}},"1":{"start":{"line":5,"column":2},"end":{"line":9,"column":11}}},"fnMap":{"0":{"name":"(anonymous_0)","decl":{"start":{"line":4,"column":22},"end":{"line":4,"column":23}},"loc":{"start":{"line":4,"column":28},"end":{"line":10,"column":1}},"line":4}},"branchMap":{},"s":{"0":1,"1":0},"f":{"0":0},"b":{},"_coverageSchema":"332fd63041d2c1bcb487cc26dd0d5f7d97098a6c","hash":"04214085d38d82bef87490913a34a81ed0613488"}
,"/Users/l.kuzenko/pet/cr-app/src/components/Header/header.js": {"path":"/Users/l.kuzenko/pet/cr-app/src/components/Header/header.js","statementMap":{"0":{"start":{"line":18,"column":4},"end":{"line":18,"column":24}},"1":{"start":{"line":19,"column":4},"end":{"line":19,"column":47}},"2":{"start":{"line":23,"column":4},"end":{"line":50,"column":10}},"3":{"start":{"line":57,"column":4},"end":{"line":57,"column":60}}},"fnMap":{"0":{"name":"(anonymous_0)","decl":{"start":{"line":17,"column":10},"end":{"line":17,"column":11}},"loc":{"start":{"line":17,"column":16},"end":{"line":20,"column":3}},"line":17},"1":{"name":"(anonymous_1)","decl":{"start":{"line":22,"column":2},"end":{"line":22,"column":3}},"loc":{"start":{"line":22,"column":11},"end":{"line":51,"column":3}},"line":22},"2":{"name":"(anonymous_2)","decl":{"start":{"line":56,"column":2},"end":{"line":56,"column":3}},"loc":{"start":{"line":56,"column":14},"end":{"line":58,"column":3}},"line":56}},"branchMap":{},"s":{"0":0,"1":0,"2":0,"3":0},"f":{"0":0,"1":0,"2":0},"b":{},"_coverageSchema":"332fd63041d2c1bcb487cc26dd0d5f7d97098a6c","hash":"2c7584ef7c394e96f9700406b0030708c276f0ef"}
,"/Users/l.kuzenko/pet/cr-app/src/components/Loader/loader.js": {"path":"/Users/l.kuzenko/pet/cr-app/src/components/Loader/loader.js","statementMap":{"0":{"start":{"line":4,"column":22},"end":{"line":8,"column":1}},"1":{"start":{"line":5,"column":2},"end":{"line":7,"column":8}}},"fnMap":{"0":{"name":"(anonymous_0)","decl":{"start":{"line":4,"column":22},"end":{"line":4,"column":23}},"loc":{"start":{"line":4,"column":28},"end":{"line":8,"column":1}},"line":4}},"branchMap":{},"s":{"0":1,"1":0},"f":{"0":0},"b":{},"_coverageSchema":"332fd63041d2c1bcb487cc26dd0d5f7d97098a6c","hash":"f5e376cc62d83ff36877660ac5a2abcd5f353050"}
,"/Users/l.kuzenko/pet/cr-app/src/components/NotFound/notfound.js": {"path":"/Users/l.kuzenko/pet/cr-app/src/components/NotFound/notfound.js","statementMap":{"0":{"start":{"line":4,"column":24},"end":{"line":30,"column":1}},"1":{"start":{"line":5,"column":2},"end":{"line":29,"column":8}}},"fnMap":{"0":{"name":"(anonymous_0)","decl":{"start":{"line":4,"column":24},"end":{"line":4,"column":25}},"loc":{"start":{"line":4,"column":30},"end":{"line":30,"column":1}},"line":4}},"branchMap":{},"s":{"0":1,"1":0},"f":{"0":0},"b":{},"_coverageSchema":"332fd63041d2c1bcb487cc26dd0d5f7d97098a6c","hash":"4dae45e76e06cb799ad54f2f047fd7dad159bbf2"}
,"/Users/l.kuzenko/pet/cr-app/src/forms/index.js": {"path":"/Users/l.kuzenko/pet/cr-app/src/forms/index.js","statementMap":{},"fnMap":{},"branchMap":{},"s":{},"f":{},"b":{},"_coverageSchema":"332fd63041d2c1bcb487cc26dd0d5f7d97098a6c","hash":"1de74050ea9152e8d4b5a4dc781d079e86346a27"}
,"/Users/l.kuzenko/pet/cr-app/src/forms/LoginForm/index.js": {"path":"/Users/l.kuzenko/pet/cr-app/src/forms/LoginForm/index.js","statementMap":{},"fnMap":{},"branchMap":{},"s":{},"f":{},"b":{},"_coverageSchema":"332fd63041d2c1bcb487cc26dd0d5f7d97098a6c","hash":"e2b15b20714cf2b0c8795ad9fc78597a5c474acd"}
,"/Users/l.kuzenko/pet/cr-app/src/forms/LoginForm/loginForm.js": {"path":"/Users/l.kuzenko/pet/cr-app/src/forms/LoginForm/loginForm.js","statementMap":{"0":{"start":{"line":8,"column":20},"end":{"line":15,"column":6}},"1":{"start":{"line":9,"column":0},"end":{"line":15,"column":6}},"2":{"start":{"line":17,"column":16},"end":{"line":52,"column":1}},"3":{"start":{"line":18,"column":49},"end":{"line":18,"column":54}},"4":{"start":{"line":19,"column":18},"end":{"line":19,"column":99}},"5":{"start":{"line":19,"column":31},"end":{"line":19,"column":97}},"6":{"start":{"line":21,"column":2},"end":{"line":51,"column":10}}},"fnMap":{"0":{"name":"(anonymous_0)","decl":{"start":{"line":8,"column":20},"end":{"line":8,"column":21}},"loc":{"start":{"line":9,"column":0},"end":{"line":15,"column":6}},"line":9},"1":{"name":"(anonymous_1)","decl":{"start":{"line":17,"column":16},"end":{"line":17,"column":17}},"loc":{"start":{"line":17,"column":25},"end":{"line":52,"column":1}},"line":17},"2":{"name":"(anonymous_2)","decl":{"start":{"line":19,"column":18},"end":{"line":19,"column":19}},"loc":{"start":{"line":19,"column":29},"end":{"line":19,"column":99}},"line":19}},"branchMap":{"0":{"loc":{"start":{"line":14,"column":3},"end":{"line":14,"column":72}},"type":"binary-expr","locations":[{"start":{"line":14,"column":3},"end":{"line":14,"column":10}},{"start":{"line":14,"column":16},"end":{"line":14,"column":21}},{"start":{"line":14,"column":25},"end":{"line":14,"column":70}}],"line":14},"1":{"loc":{"start":{"line":19,"column":38},"end":{"line":19,"column":97}},"type":"cond-expr","locations":[{"start":{"line":19,"column":46},"end":{"line":19,"column":63}},{"start":{"line":19,"column":66},"end":{"line":19,"column":97}}],"line":19},"2":{"loc":{"start":{"line":48,"column":69},"end":{"line":48,"column":91}},"type":"binary-expr","locations":[{"start":{"line":48,"column":69},"end":{"line":48,"column":77}},{"start":{"line":48,"column":81},"end":{"line":48,"column":91}}],"line":48}},"s":{"0":1,"1":0,"2":1,"3":0,"4":0,"5":0,"6":0},"f":{"0":0,"1":0,"2":0},"b":{"0":[0,0,0],"1":[0,0],"2":[0,0]},"_coverageSchema":"332fd63041d2c1bcb487cc26dd0d5f7d97098a6c","hash":"010381854dfe52ad7e9eab29e9d41f05328f3855"}
,"/Users/l.kuzenko/pet/cr-app/src/forms/LoginForm/loginForm.validation.js": {"path":"/Users/l.kuzenko/pet/cr-app/src/forms/LoginForm/loginForm.validation.js","statementMap":{"0":{"start":{"line":1,"column":24},"end":{"line":17,"column":1}},"1":{"start":{"line":2,"column":17},"end":{"line":2,"column":19}},"2":{"start":{"line":4,"column":2},"end":{"line":8,"column":3}},"3":{"start":{"line":5,"column":4},"end":{"line":5,"column":29}},"4":{"start":{"line":6,"column":9},"end":{"line":8,"column":3}},"5":{"start":{"line":7,"column":4},"end":{"line":7,"column":42}},"6":{"start":{"line":10,"column":2},"end":{"line":14,"column":3}},"7":{"start":{"line":11,"column":4},"end":{"line":11,"column":32}},"8":{"start":{"line":12,"column":9},"end":{"line":14,"column":3}},"9":{"start":{"line":13,"column":4},"end":{"line":13,"column":52}},"10":{"start":{"line":16,"column":2},"end":{"line":16,"column":15}}},"fnMap":{"0":{"name":"(anonymous_0)","decl":{"start":{"line":1,"column":24},"end":{"line":1,"column":25}},"loc":{"start":{"line":1,"column":34},"end":{"line":17,"column":1}},"line":1}},"branchMap":{"0":{"loc":{"start":{"line":4,"column":2},"end":{"line":8,"column":3}},"type":"if","locations":[{"start":{"line":4,"column":2},"end":{"line":8,"column":3}},{"start":{"line":4,"column":2},"end":{"line":8,"column":3}}],"line":4},"1":{"loc":{"start":{"line":6,"column":9},"end":{"line":8,"column":3}},"type":"if","locations":[{"start":{"line":6,"column":9},"end":{"line":8,"column":3}},{"start":{"line":6,"column":9},"end":{"line":8,"column":3}}],"line":6},"2":{"loc":{"start":{"line":10,"column":2},"end":{"line":14,"column":3}},"type":"if","locations":[{"start":{"line":10,"column":2},"end":{"line":14,"column":3}},{"start":{"line":10,"column":2},"end":{"line":14,"column":3}}],"line":10},"3":{"loc":{"start":{"line":12,"column":9},"end":{"line":14,"column":3}},"type":"if","locations":[{"start":{"line":12,"column":9},"end":{"line":14,"column":3}},{"start":{"line":12,"column":9},"end":{"line":14,"column":3}}],"line":12}},"s":{"0":1,"1":0,"2":0,"3":0,"4":0,"5":0,"6":0,"7":0,"8":0,"9":0,"10":0},"f":{"0":0},"b":{"0":[0,0],"1":[0,0],"2":[0,0],"3":[0,0]},"_coverageSchema":"332fd63041d2c1bcb487cc26dd0d5f7d97098a6c","hash":"29c9d11560bf01bc8e1471eae1e47db4a794d658"}
,"/Users/l.kuzenko/pet/cr-app/src/forms/simpleForm/index.js": {"path":"/Users/l.kuzenko/pet/cr-app/src/forms/simpleForm/index.js","statementMap":{},"fnMap":{},"branchMap":{},"s":{},"f":{},"b":{},"_coverageSchema":"332fd63041d2c1bcb487cc26dd0d5f7d97098a6c","hash":"5bfeb01c3a9c105abb10f48a3b691116c8be64ad"}
,"/Users/l.kuzenko/pet/cr-app/src/forms/simpleForm/loginForm.validation.js": {"path":"/Users/l.kuzenko/pet/cr-app/src/forms/simpleForm/loginForm.validation.js","statementMap":{"0":{"start":{"line":1,"column":24},"end":{"line":21,"column":1}},"1":{"start":{"line":2,"column":17},"end":{"line":2,"column":19}},"2":{"start":{"line":3,"column":2},"end":{"line":7,"column":3}},"3":{"start":{"line":4,"column":4},"end":{"line":4,"column":33}},"4":{"start":{"line":5,"column":9},"end":{"line":7,"column":3}},"5":{"start":{"line":6,"column":4},"end":{"line":6,"column":54}},"6":{"start":{"line":9,"column":2},"end":{"line":13,"column":3}},"7":{"start":{"line":10,"column":4},"end":{"line":10,"column":32}},"8":{"start":{"line":11,"column":9},"end":{"line":13,"column":3}},"9":{"start":{"line":12,"column":4},"end":{"line":12,"column":53}},"10":{"start":{"line":15,"column":2},"end":{"line":19,"column":3}},"11":{"start":{"line":16,"column":4},"end":{"line":16,"column":29}},"12":{"start":{"line":17,"column":9},"end":{"line":19,"column":3}},"13":{"start":{"line":18,"column":4},"end":{"line":18,"column":42}},"14":{"start":{"line":20,"column":2},"end":{"line":20,"column":15}}},"fnMap":{"0":{"name":"(anonymous_0)","decl":{"start":{"line":1,"column":24},"end":{"line":1,"column":25}},"loc":{"start":{"line":1,"column":34},"end":{"line":21,"column":1}},"line":1}},"branchMap":{"0":{"loc":{"start":{"line":3,"column":2},"end":{"line":7,"column":3}},"type":"if","locations":[{"start":{"line":3,"column":2},"end":{"line":7,"column":3}},{"start":{"line":3,"column":2},"end":{"line":7,"column":3}}],"line":3},"1":{"loc":{"start":{"line":5,"column":9},"end":{"line":7,"column":3}},"type":"if","locations":[{"start":{"line":5,"column":9},"end":{"line":7,"column":3}},{"start":{"line":5,"column":9},"end":{"line":7,"column":3}}],"line":5},"2":{"loc":{"start":{"line":9,"column":2},"end":{"line":13,"column":3}},"type":"if","locations":[{"start":{"line":9,"column":2},"end":{"line":13,"column":3}},{"start":{"line":9,"column":2},"end":{"line":13,"column":3}}],"line":9},"3":{"loc":{"start":{"line":11,"column":9},"end":{"line":13,"column":3}},"type":"if","locations":[{"start":{"line":11,"column":9},"end":{"line":13,"column":3}},{"start":{"line":11,"column":9},"end":{"line":13,"column":3}}],"line":11},"4":{"loc":{"start":{"line":15,"column":2},"end":{"line":19,"column":3}},"type":"if","locations":[{"start":{"line":15,"column":2},"end":{"line":19,"column":3}},{"start":{"line":15,"column":2},"end":{"line":19,"column":3}}],"line":15},"5":{"loc":{"start":{"line":17,"column":9},"end":{"line":19,"column":3}},"type":"if","locations":[{"start":{"line":17,"column":9},"end":{"line":19,"column":3}},{"start":{"line":17,"column":9},"end":{"line":19,"column":3}}],"line":17}},"s":{"0":1,"1":0,"2":0,"3":0,"4":0,"5":0,"6":0,"7":0,"8":0,"9":0,"10":0,"11":0,"12":0,"13":0,"14":0},"f":{"0":0},"b":{"0":[0,0],"1":[0,0],"2":[0,0],"3":[0,0],"4":[0,0],"5":[0,0]},"_coverageSchema":"332fd63041d2c1bcb487cc26dd0d5f7d97098a6c","hash":"db232b6cfe5aaab0585605a5fde26bb3c3addcbd"}
,"/Users/l.kuzenko/pet/cr-app/src/forms/simpleForm/simpleForm.js": {"path":"/Users/l.kuzenko/pet/cr-app/src/forms/simpleForm/simpleForm.js","statementMap":{"0":{"start":{"line":8,"column":20},"end":{"line":12,"column":8}},"1":{"start":{"line":9,"column":2},"end":{"line":12,"column":8}},"2":{"start":{"line":14,"column":17},"end":{"line":44,"column":1}},"3":{"start":{"line":15,"column":56},"end":{"line":15,"column":61}},"4":{"start":{"line":16,"column":18},"end":{"line":16,"column":77}},"5":{"start":{"line":16,"column":31},"end":{"line":16,"column":75}},"6":{"start":{"line":18,"column":2},"end":{"line":43,"column":3}}},"fnMap":{"0":{"name":"(anonymous_0)","decl":{"start":{"line":8,"column":20},"end":{"line":8,"column":21}},"loc":{"start":{"line":9,"column":2},"end":{"line":12,"column":8}},"line":9},"1":{"name":"(anonymous_1)","decl":{"start":{"line":14,"column":17},"end":{"line":14,"column":18}},"loc":{"start":{"line":14,"column":26},"end":{"line":44,"column":1}},"line":14},"2":{"name":"(anonymous_2)","decl":{"start":{"line":16,"column":18},"end":{"line":16,"column":19}},"loc":{"start":{"line":16,"column":29},"end":{"line":16,"column":77}},"line":16}},"branchMap":{"0":{"loc":{"start":{"line":11,"column":5},"end":{"line":11,"column":74}},"type":"binary-expr","locations":[{"start":{"line":11,"column":5},"end":{"line":11,"column":12}},{"start":{"line":11,"column":18},"end":{"line":11,"column":23}},{"start":{"line":11,"column":27},"end":{"line":11,"column":72}}],"line":11},"1":{"loc":{"start":{"line":16,"column":38},"end":{"line":16,"column":75}},"type":"cond-expr","locations":[{"start":{"line":16,"column":46},"end":{"line":16,"column":52}},{"start":{"line":16,"column":55},"end":{"line":16,"column":75}}],"line":16},"2":{"loc":{"start":{"line":38,"column":71},"end":{"line":38,"column":93}},"type":"binary-expr","locations":[{"start":{"line":38,"column":71},"end":{"line":38,"column":79}},{"start":{"line":38,"column":83},"end":{"line":38,"column":93}}],"line":38},"3":{"loc":{"start":{"line":39,"column":59},"end":{"line":39,"column":81}},"type":"binary-expr","locations":[{"start":{"line":39,"column":59},"end":{"line":39,"column":67}},{"start":{"line":39,"column":71},"end":{"line":39,"column":81}}],"line":39}},"s":{"0":1,"1":0,"2":1,"3":0,"4":0,"5":0,"6":0},"f":{"0":0,"1":0,"2":0},"b":{"0":[0,0,0],"1":[0,0],"2":[0,0],"3":[0,0]},"_coverageSchema":"332fd63041d2c1bcb487cc26dd0d5f7d97098a6c","hash":"9989c2e52cc37f8b77f01508f48330d040c3dc5a"}
,"/Users/l.kuzenko/pet/cr-app/src/modules/index.js": {"path":"/Users/l.kuzenko/pet/cr-app/src/modules/index.js","statementMap":{},"fnMap":{},"branchMap":{},"s":{},"f":{},"b":{},"_coverageSchema":"332fd63041d2c1bcb487cc26dd0d5f7d97098a6c","hash":"ba6294c42120f50fa443c36e837bf65f556c4bdc"}
,"/Users/l.kuzenko/pet/cr-app/src/modules/About/about.js": {"path":"/Users/l.kuzenko/pet/cr-app/src/modules/About/about.js","statementMap":{"0":{"start":{"line":1,"column":13},"end":{"line":1,"column":75}},"1":{"start":{"line":1,"column":94},"end":{"line":1,"column":150}},"2":{"start":{"line":1,"column":151},"end":{"line":1,"column":174}},"3":{"start":{"line":3,"column":14},"end":{"line":3,"column":31}},"4":{"start":{"line":3,"column":40},"end":{"line":3,"column":72}},"5":{"start":{"line":4,"column":14},"end":{"line":4,"column":31}},"6":{"start":{"line":4,"column":45},"end":{"line":4,"column":77}},"7":{"start":{"line":6,"column":13},"end":{"line":6,"column":29}},"8":{"start":{"line":6,"column":44},"end":{"line":6,"column":74}},"9":{"start":{"line":7,"column":17},"end":{"line":7,"column":38}},"10":{"start":{"line":7,"column":57},"end":{"line":7,"column":91}},"11":{"start":{"line":8,"column":22},"end":{"line":8,"column":49}},"12":{"start":{"line":8,"column":73},"end":{"line":8,"column":112}},"13":{"start":{"line":9,"column":18},"end":{"line":9,"column":39}},"14":{"start":{"line":10,"column":16},"end":{"line":10,"column":35}},"15":{"start":{"line":10,"column":74},"end":{"line":10,"column":128}},"16":{"start":{"line":10,"column":168},"end":{"line":10,"column":384}},"17":{"start":{"line":10,"column":196},"end":{"line":10,"column":207}},"18":{"start":{"line":10,"column":228},"end":{"line":10,"column":230}},"19":{"start":{"line":10,"column":231},"end":{"line":10,"column":348}},"20":{"start":{"line":10,"column":249},"end":{"line":10,"column":347}},"21":{"start":{"line":10,"column":271},"end":{"line":10,"column":346}},"22":{"start":{"line":10,"column":323},"end":{"line":10,"column":346}},"23":{"start":{"line":10,"column":348},"end":{"line":10,"column":369}},"24":{"start":{"line":10,"column":369},"end":{"line":10,"column":383}},"25":{"start":{"line":12,"column":70},"end":{"line":40,"column":13}},"26":{"start":{"line":37,"column":6},"end":{"line":38,"column":36}},"27":{"start":{"line":43,"column":4},"end":{"line":43,"column":51}},"28":{"start":{"line":44,"column":4},"end":{"line":44,"column":56}},"29":{"start":{"line":45,"column":4},"end":{"line":78,"column":129}},"30":{"start":{"line":81,"column":4},"end":{"line":81,"column":28}},"31":{"start":{"line":81,"column":28},"end":{"line":81,"column":188}},"32":{"start":{"line":81,"column":188},"end":{"line":81,"column":954}}},"fnMap":{"0":{"name":"_interopRequireDefault","decl":{"start":{"line":10,"column":45},"end":{"line":10,"column":67}},"loc":{"start":{"line":10,"column":73},"end":{"line":10,"column":129}},"line":10},"1":{"name":"_interopRequireWildcard","decl":{"start":{"line":10,"column":138},"end":{"line":10,"column":161}},"loc":{"start":{"line":10,"column":167},"end":{"line":10,"column":385}},"line":10},"2":{"name":"(anonymous_2)","decl":{"start":{"line":12,"column":38},"end":{"line":12,"column":39}},"loc":{"start":{"line":12,"column":59},"end":{"line":40,"column":14}},"line":12},"3":{"name":"(anonymous_3)","decl":{"start":{"line":36,"column":13},"end":{"line":36,"column":14}},"loc":{"start":{"line":36,"column":19},"end":{"line":40,"column":5}},"line":36},"4":{"name":"(anonymous_4)","decl":{"start":{"line":42,"column":2},"end":{"line":42,"column":3}},"loc":{"start":{"line":42,"column":11},"end":{"line":81,"column":3}},"line":42}},"branchMap":{"0":{"loc":{"start":{"line":10,"column":81},"end":{"line":10,"column":127}},"type":"cond-expr","locations":[{"start":{"line":10,"column":105},"end":{"line":10,"column":108}},{"start":{"line":10,"column":111},"end":{"line":10,"column":127}}],"line":10},"1":{"loc":{"start":{"line":10,"column":81},"end":{"line":10,"column":102}},"type":"binary-expr","locations":[{"start":{"line":10,"column":81},"end":{"line":10,"column":84}},{"start":{"line":10,"column":88},"end":{"line":10,"column":102}}],"line":10},"2":{"loc":{"start":{"line":10,"column":168},"end":{"line":10,"column":384}},"type":"if","locations":[{"start":{"line":10,"column":168},"end":{"line":10,"column":384}},{"start":{"line":10,"column":168},"end":{"line":10,"column":384}}],"line":10},"3":{"loc":{"start":{"line":10,"column":172},"end":{"line":10,"column":193}},"type":"binary-expr","locations":[{"start":{"line":10,"column":172},"end":{"line":10,"column":175}},{"start":{"line":10,"column":179},"end":{"line":10,"column":193}}],"line":10},"4":{"loc":{"start":{"line":10,"column":231},"end":{"line":10,"column":348}},"type":"if","locations":[{"start":{"line":10,"column":231},"end":{"line":10,"column":348}},{"start":{"line":10,"column":231},"end":{"line":10,"column":348}}],"line":10},"5":{"loc":{"start":{"line":10,"column":271},"end":{"line":10,"column":346}},"type":"if","locations":[{"start":{"line":10,"column":271},"end":{"line":10,"column":346}},{"start":{"line":10,"column":271},"end":{"line":10,"column":346}}],"line":10}},"s":{"0":0,"1":0,"2":0,"3":0,"4":0,"5":0,"6":0,"7":0,"8":0,"9":0,"10":0,"11":0,"12":0,"13":0,"14":0,"15":0,"16":0,"17":0,"18":0,"19":0,"20":0,"21":0,"22":0,"23":0,"24":0,"25":0,"26":0,"27":0,"28":0,"29":0,"30":0,"31":0,"32":0},"f":{"0":0,"1":0,"2":0,"3":0,"4":0},"b":{"0":[0,0],"1":[0,0],"2":[0,0],"3":[0,0],"4":[0,0],"5":[0,0]}}
,"/Users/l.kuzenko/pet/cr-app/src/modules/App/app.js": {"path":"/Users/l.kuzenko/pet/cr-app/src/modules/App/app.js","statementMap":{"0":{"start":{"line":14,"column":31},"end":{"line":22,"column":5}},"1":{"start":{"line":15,"column":6},"end":{"line":21,"column":10}},"2":{"start":{"line":16,"column":8},"end":{"line":20,"column":9}},"3":{"start":{"line":24,"column":4},"end":{"line":40,"column":15}},"4":{"start":{"line":30,"column":58},"end":{"line":30,"column":67}},"5":{"start":{"line":31,"column":65},"end":{"line":31,"column":81}},"6":{"start":{"line":33,"column":16},"end":{"line":33,"column":57}}},"fnMap":{"0":{"name":"(anonymous_0)","decl":{"start":{"line":13,"column":2},"end":{"line":13,"column":3}},"loc":{"start":{"line":13,"column":11},"end":{"line":41,"column":3}},"line":13},"1":{"name":"(anonymous_1)","decl":{"start":{"line":14,"column":31},"end":{"line":14,"column":32}},"loc":{"start":{"line":15,"column":6},"end":{"line":21,"column":10}},"line":15},"2":{"name":"(anonymous_2)","decl":{"start":{"line":15,"column":68},"end":{"line":15,"column":69}},"loc":{"start":{"line":16,"column":8},"end":{"line":20,"column":9}},"line":16},"3":{"name":"(anonymous_3)","decl":{"start":{"line":30,"column":49},"end":{"line":30,"column":50}},"loc":{"start":{"line":30,"column":58},"end":{"line":30,"column":67}},"line":30},"4":{"name":"(anonymous_4)","decl":{"start":{"line":31,"column":56},"end":{"line":31,"column":57}},"loc":{"start":{"line":31,"column":65},"end":{"line":31,"column":81}},"line":31},"5":{"name":"(anonymous_5)","decl":{"start":{"line":32,"column":26},"end":{"line":32,"column":27}},"loc":{"start":{"line":33,"column":16},"end":{"line":33,"column":57}},"line":33}},"branchMap":{"0":{"loc":{"start":{"line":15,"column":20},"end":{"line":15,"column":40}},"type":"binary-expr","locations":[{"start":{"line":15,"column":20},"end":{"line":15,"column":31}},{"start":{"line":15,"column":35},"end":{"line":15,"column":40}}],"line":15},"1":{"loc":{"start":{"line":16,"column":8},"end":{"line":20,"column":9}},"type":"cond-expr","locations":[{"start":{"line":17,"column":10},"end":{"line":17,"column":70}},{"start":{"line":19,"column":10},"end":{"line":19,"column":49}}],"line":16},"2":{"loc":{"start":{"line":17,"column":46},"end":{"line":17,"column":66}},"type":"binary-expr","locations":[{"start":{"line":17,"column":46},"end":{"line":17,"column":58}},{"start":{"line":17,"column":62},"end":{"line":17,"column":66}}],"line":17}},"s":{"0":0,"1":0,"2":0,"3":0,"4":0,"5":0,"6":0},"f":{"0":0,"1":0,"2":0,"3":0,"4":0,"5":0},"b":{"0":[0,0],"1":[0,0],"2":[0,0]},"_coverageSchema":"332fd63041d2c1bcb487cc26dd0d5f7d97098a6c","hash":"d0020e0a2d4fb16cc08df171ba4f8a7936c25a9a"}
,"/Users/l.kuzenko/pet/cr-app/src/modules/App/propTypes.js": {"path":"/Users/l.kuzenko/pet/cr-app/src/modules/App/propTypes.js","statementMap":{"0":{"start":{"line":1,"column":13},"end":{"line":1,"column":75}},"1":{"start":{"line":1,"column":75},"end":{"line":1,"column":128}},"2":{"start":{"line":1,"column":145},"end":{"line":1,"column":166}},"3":{"start":{"line":1,"column":185},"end":{"line":1,"column":219}},"4":{"start":{"line":1,"column":258},"end":{"line":1,"column":312}},"5":{"start":{"line":4,"column":18},"end":{"line":5,"column":37}},"6":{"start":{"line":9,"column":21},"end":{"line":9,"column":74}}},"fnMap":{"0":{"name":"_interopRequireDefault","decl":{"start":{"line":1,"column":229},"end":{"line":1,"column":251}},"loc":{"start":{"line":1,"column":257},"end":{"line":1,"column":313}},"line":1}},"branchMap":{"0":{"loc":{"start":{"line":1,"column":265},"end":{"line":1,"column":311}},"type":"cond-expr","locations":[{"start":{"line":1,"column":289},"end":{"line":1,"column":292}},{"start":{"line":1,"column":295},"end":{"line":1,"column":311}}],"line":1},"1":{"loc":{"start":{"line":1,"column":265},"end":{"line":1,"column":286}},"type":"binary-expr","locations":[{"start":{"line":1,"column":265},"end":{"line":1,"column":268}},{"start":{"line":1,"column":272},"end":{"line":1,"column":286}}],"line":1}},"s":{"0":0,"1":0,"2":0,"3":0,"4":0,"5":0,"6":0},"f":{"0":0},"b":{"0":[0,0],"1":[0,0]}}
,"/Users/l.kuzenko/pet/cr-app/src/modules/DevelopmentPlan/plan.js": {"path":"/Users/l.kuzenko/pet/cr-app/src/modules/DevelopmentPlan/plan.js","statementMap":{"0":{"start":{"line":1,"column":13},"end":{"line":1,"column":75}},"1":{"start":{"line":1,"column":94},"end":{"line":1,"column":159}},"2":{"start":{"line":1,"column":160},"end":{"line":1,"column":183}},"3":{"start":{"line":3,"column":13},"end":{"line":3,"column":29}},"4":{"start":{"line":3,"column":44},"end":{"line":3,"column":74}},"5":{"start":{"line":4,"column":15},"end":{"line":4,"column":34}},"6":{"start":{"line":5,"column":18},"end":{"line":5,"column":40}},"7":{"start":{"line":6,"column":17},"end":{"line":6,"column":38}},"8":{"start":{"line":6,"column":57},"end":{"line":6,"column":91}},"9":{"start":{"line":7,"column":13},"end":{"line":7,"column":29}},"10":{"start":{"line":8,"column":14},"end":{"line":8,"column":31}},"11":{"start":{"line":8,"column":40},"end":{"line":8,"column":72}},"12":{"start":{"line":10,"column":13},"end":{"line":10,"column":35}},"13":{"start":{"line":10,"column":54},"end":{"line":10,"column":85}},"14":{"start":{"line":11,"column":18},"end":{"line":11,"column":45}},"15":{"start":{"line":11,"column":85},"end":{"line":11,"column":301}},"16":{"start":{"line":11,"column":113},"end":{"line":11,"column":124}},"17":{"start":{"line":11,"column":145},"end":{"line":11,"column":147}},"18":{"start":{"line":11,"column":148},"end":{"line":11,"column":265}},"19":{"start":{"line":11,"column":166},"end":{"line":11,"column":264}},"20":{"start":{"line":11,"column":188},"end":{"line":11,"column":263}},"21":{"start":{"line":11,"column":240},"end":{"line":11,"column":263}},"22":{"start":{"line":11,"column":265},"end":{"line":11,"column":286}},"23":{"start":{"line":11,"column":286},"end":{"line":11,"column":300}},"24":{"start":{"line":11,"column":340},"end":{"line":11,"column":394}},"25":{"start":{"line":20,"column":4},"end":{"line":20,"column":30}},"26":{"start":{"line":24,"column":12},"end":{"line":24,"column":28}},"27":{"start":{"line":25,"column":24},"end":{"line":25,"column":138}},"28":{"start":{"line":25,"column":33},"end":{"line":25,"column":137}},"29":{"start":{"line":26,"column":23},"end":{"line":26,"column":69}},"30":{"start":{"line":26,"column":32},"end":{"line":26,"column":68}},"31":{"start":{"line":28,"column":4},"end":{"line":30,"column":5}},"32":{"start":{"line":29,"column":6},"end":{"line":29,"column":245}},"33":{"start":{"line":32,"column":4},"end":{"line":40,"column":13}},"34":{"start":{"line":36,"column":10},"end":{"line":38,"column":134}},"35":{"start":{"line":44,"column":4},"end":{"line":44,"column":84}},"36":{"start":{"line":44,"column":84},"end":{"line":54,"column":17}},"37":{"start":{"line":48,"column":10},"end":{"line":49,"column":22}},"38":{"start":{"line":52,"column":2},"end":{"line":52,"column":82}}},"fnMap":{"0":{"name":"_interopRequireWildcard","decl":{"start":{"line":11,"column":55},"end":{"line":11,"column":78}},"loc":{"start":{"line":11,"column":84},"end":{"line":11,"column":302}},"line":11},"1":{"name":"_interopRequireDefault","decl":{"start":{"line":11,"column":311},"end":{"line":11,"column":333}},"loc":{"start":{"line":11,"column":339},"end":{"line":11,"column":395}},"line":11},"2":{"name":"(anonymous_2)","decl":{"start":{"line":19,"column":2},"end":{"line":19,"column":3}},"loc":{"start":{"line":19,"column":23},"end":{"line":21,"column":3}},"line":19},"3":{"name":"(anonymous_3)","decl":{"start":{"line":23,"column":2},"end":{"line":23,"column":3}},"loc":{"start":{"line":23,"column":11},"end":{"line":44,"column":3}},"line":23},"4":{"name":"(anonymous_4)","decl":{"start":{"line":25,"column":24},"end":{"line":25,"column":25}},"loc":{"start":{"line":25,"column":32},"end":{"line":25,"column":138}},"line":25},"5":{"name":"(anonymous_5)","decl":{"start":{"line":26,"column":23},"end":{"line":26,"column":24}},"loc":{"start":{"line":26,"column":31},"end":{"line":26,"column":69}},"line":26},"6":{"name":"(anonymous_6)","decl":{"start":{"line":35,"column":33},"end":{"line":35,"column":34}},"loc":{"start":{"line":35,"column":49},"end":{"line":40,"column":9}},"line":35},"7":{"name":"(anonymous_7)","decl":{"start":{"line":48,"column":0},"end":{"line":48,"column":1}},"loc":{"start":{"line":48,"column":10},"end":{"line":49,"column":22}},"line":48},"8":{"name":"(anonymous_8)","decl":{"start":{"line":51,"column":0},"end":{"line":51,"column":1}},"loc":{"start":{"line":51,"column":12},"end":{"line":53,"column":1}},"line":51}},"branchMap":{"0":{"loc":{"start":{"line":11,"column":85},"end":{"line":11,"column":301}},"type":"if","locations":[{"start":{"line":11,"column":85},"end":{"line":11,"column":301}},{"start":{"line":11,"column":85},"end":{"line":11,"column":301}}],"line":11},"1":{"loc":{"start":{"line":11,"column":89},"end":{"line":11,"column":110}},"type":"binary-expr","locations":[{"start":{"line":11,"column":89},"end":{"line":11,"column":92}},{"start":{"line":11,"column":96},"end":{"line":11,"column":110}}],"line":11},"2":{"loc":{"start":{"line":11,"column":148},"end":{"line":11,"column":265}},"type":"if","locations":[{"start":{"line":11,"column":148},"end":{"line":11,"column":265}},{"start":{"line":11,"column":148},"end":{"line":11,"column":265}}],"line":11},"3":{"loc":{"start":{"line":11,"column":188},"end":{"line":11,"column":263}},"type":"if","locations":[{"start":{"line":11,"column":188},"end":{"line":11,"column":263}},{"start":{"line":11,"column":188},"end":{"line":11,"column":263}}],"line":11},"4":{"loc":{"start":{"line":11,"column":347},"end":{"line":11,"column":393}},"type":"cond-expr","locations":[{"start":{"line":11,"column":371},"end":{"line":11,"column":374}},{"start":{"line":11,"column":377},"end":{"line":11,"column":393}}],"line":11},"5":{"loc":{"start":{"line":11,"column":347},"end":{"line":11,"column":368}},"type":"binary-expr","locations":[{"start":{"line":11,"column":347},"end":{"line":11,"column":350}},{"start":{"line":11,"column":354},"end":{"line":11,"column":368}}],"line":11},"6":{"loc":{"start":{"line":25,"column":40},"end":{"line":25,"column":136}},"type":"cond-expr","locations":[{"start":{"line":25,"column":52},"end":{"line":25,"column":93}},{"start":{"line":25,"column":96},"end":{"line":25,"column":136}}],"line":25},"7":{"loc":{"start":{"line":26,"column":39},"end":{"line":26,"column":67}},"type":"cond-expr","locations":[{"start":{"line":26,"column":51},"end":{"line":26,"column":58}},{"start":{"line":26,"column":61},"end":{"line":26,"column":67}}],"line":26},"8":{"loc":{"start":{"line":28,"column":4},"end":{"line":30,"column":5}},"type":"if","locations":[{"start":{"line":28,"column":4},"end":{"line":30,"column":5}},{"start":{"line":28,"column":4},"end":{"line":30,"column":5}}],"line":28}},"s":{"0":0,"1":0,"2":0,"3":0,"4":0,"5":0,"6":0,"7":0,"8":0,"9":0,"10":0,"11":0,"12":0,"13":0,"14":0,"15":0,"16":0,"17":0,"18":0,"19":0,"20":0,"21":0,"22":0,"23":0,"24":0,"25":0,"26":0,"27":0,"28":0,"29":0,"30":0,"31":0,"32":0,"33":0,"34":0,"35":0,"36":0,"37":0,"38":0},"f":{"0":0,"1":0,"2":0,"3":0,"4":0,"5":0,"6":0,"7":0,"8":0},"b":{"0":[0,0],"1":[0,0],"2":[0,0],"3":[0,0],"4":[0,0],"5":[0,0],"6":[0,0],"7":[0,0],"8":[0,0]}}
,"/Users/l.kuzenko/pet/cr-app/src/modules/DevelopmentPlan/todos.const.js": {"path":"/Users/l.kuzenko/pet/cr-app/src/modules/DevelopmentPlan/todos.const.js","statementMap":{"0":{"start":{"line":1,"column":21},"end":{"line":55,"column":2}}},"fnMap":{},"branchMap":{},"s":{"0":1},"f":{},"b":{},"_coverageSchema":"332fd63041d2c1bcb487cc26dd0d5f7d97098a6c","hash":"508c97b3f2da01ac73ea7791065c5169c8e00a22"}
,"/Users/l.kuzenko/pet/cr-app/src/modules/Forms/forms.js": {"path":"/Users/l.kuzenko/pet/cr-app/src/modules/Forms/forms.js","statementMap":{"0":{"start":{"line":1,"column":13},"end":{"line":1,"column":75}},"1":{"start":{"line":1,"column":94},"end":{"line":1,"column":150}},"2":{"start":{"line":1,"column":164},"end":{"line":1,"column":180}},"3":{"start":{"line":1,"column":195},"end":{"line":1,"column":225}},"4":{"start":{"line":2,"column":13},"end":{"line":2,"column":35}},"5":{"start":{"line":2,"column":74},"end":{"line":2,"column":128}},"6":{"start":{"line":6,"column":4},"end":{"line":6,"column":24}},"7":{"start":{"line":10,"column":4},"end":{"line":12,"column":151}},"8":{"start":{"line":14,"column":4},"end":{"line":14,"column":28}}},"fnMap":{"0":{"name":"_interopRequireDefault","decl":{"start":{"line":2,"column":45},"end":{"line":2,"column":67}},"loc":{"start":{"line":2,"column":73},"end":{"line":2,"column":129}},"line":2},"1":{"name":"(anonymous_1)","decl":{"start":{"line":5,"column":2},"end":{"line":5,"column":3}},"loc":{"start":{"line":5,"column":17},"end":{"line":7,"column":3}},"line":5},"2":{"name":"(anonymous_2)","decl":{"start":{"line":9,"column":2},"end":{"line":9,"column":3}},"loc":{"start":{"line":9,"column":11},"end":{"line":14,"column":3}},"line":9}},"branchMap":{"0":{"loc":{"start":{"line":2,"column":81},"end":{"line":2,"column":127}},"type":"cond-expr","locations":[{"start":{"line":2,"column":105},"end":{"line":2,"column":108}},{"start":{"line":2,"column":111},"end":{"line":2,"column":127}}],"line":2},"1":{"loc":{"start":{"line":2,"column":81},"end":{"line":2,"column":102}},"type":"binary-expr","locations":[{"start":{"line":2,"column":81},"end":{"line":2,"column":84}},{"start":{"line":2,"column":88},"end":{"line":2,"column":102}}],"line":2}},"s":{"0":0,"1":0,"2":0,"3":0,"4":0,"5":0,"6":0,"7":0,"8":0},"f":{"0":0,"1":0,"2":0},"b":{"0":[0,0],"1":[0,0]}}
,"/Users/l.kuzenko/pet/cr-app/src/modules/Home/home.js": {"path":"/Users/l.kuzenko/pet/cr-app/src/modules/Home/home.js","statementMap":{"0":{"start":{"line":1,"column":13},"end":{"line":1,"column":75}},"1":{"start":{"line":1,"column":94},"end":{"line":1,"column":148}},"2":{"start":{"line":1,"column":149},"end":{"line":1,"column":172}},"3":{"start":{"line":3,"column":14},"end":{"line":3,"column":31}},"4":{"start":{"line":3,"column":40},"end":{"line":3,"column":72}},"5":{"start":{"line":5,"column":13},"end":{"line":5,"column":29}},"6":{"start":{"line":5,"column":44},"end":{"line":5,"column":74}},"7":{"start":{"line":6,"column":18},"end":{"line":6,"column":40}},"8":{"start":{"line":7,"column":13},"end":{"line":7,"column":29}},"9":{"start":{"line":8,"column":20},"end":{"line":8,"column":45}},"10":{"start":{"line":9,"column":13},"end":{"line":9,"column":35}},"11":{"start":{"line":9,"column":55},"end":{"line":9,"column":86}},"12":{"start":{"line":10,"column":18},"end":{"line":10,"column":45}},"13":{"start":{"line":10,"column":84},"end":{"line":10,"column":138}},"14":{"start":{"line":10,"column":178},"end":{"line":10,"column":394}},"15":{"start":{"line":10,"column":206},"end":{"line":10,"column":217}},"16":{"start":{"line":10,"column":238},"end":{"line":10,"column":240}},"17":{"start":{"line":10,"column":241},"end":{"line":10,"column":358}},"18":{"start":{"line":10,"column":259},"end":{"line":10,"column":357}},"19":{"start":{"line":10,"column":281},"end":{"line":10,"column":356}},"20":{"start":{"line":10,"column":333},"end":{"line":10,"column":356}},"21":{"start":{"line":10,"column":358},"end":{"line":10,"column":379}},"22":{"start":{"line":10,"column":379},"end":{"line":10,"column":393}},"23":{"start":{"line":15,"column":4},"end":{"line":15,"column":27}},"24":{"start":{"line":19,"column":12},"end":{"line":19,"column":28}},"25":{"start":{"line":21,"column":4},"end":{"line":21,"column":23}},"26":{"start":{"line":23,"column":4},"end":{"line":25,"column":5}},"27":{"start":{"line":24,"column":6},"end":{"line":24,"column":245}},"28":{"start":{"line":27,"column":4},"end":{"line":39,"column":13}},"29":{"start":{"line":32,"column":12},"end":{"line":32,"column":186}},"30":{"start":{"line":38,"column":10},"end":{"line":38,"column":232}},"31":{"start":{"line":43,"column":4},"end":{"line":53,"column":6}},"32":{"start":{"line":47,"column":10},"end":{"line":48,"column":22}},"33":{"start":{"line":51,"column":2},"end":{"line":51,"column":83}}},"fnMap":{"0":{"name":"_interopRequireDefault","decl":{"start":{"line":10,"column":55},"end":{"line":10,"column":77}},"loc":{"start":{"line":10,"column":83},"end":{"line":10,"column":139}},"line":10},"1":{"name":"_interopRequireWildcard","decl":{"start":{"line":10,"column":148},"end":{"line":10,"column":171}},"loc":{"start":{"line":10,"column":177},"end":{"line":10,"column":395}},"line":10},"2":{"name":"(anonymous_2)","decl":{"start":{"line":14,"column":2},"end":{"line":14,"column":3}},"loc":{"start":{"line":14,"column":22},"end":{"line":16,"column":3}},"line":14},"3":{"name":"(anonymous_3)","decl":{"start":{"line":18,"column":2},"end":{"line":18,"column":3}},"loc":{"start":{"line":18,"column":11},"end":{"line":43,"column":3}},"line":18},"4":{"name":"(anonymous_4)","decl":{"start":{"line":31,"column":35},"end":{"line":31,"column":36}},"loc":{"start":{"line":31,"column":51},"end":{"line":33,"column":11}},"line":31},"5":{"name":"(anonymous_5)","decl":{"start":{"line":37,"column":33},"end":{"line":37,"column":34}},"loc":{"start":{"line":37,"column":49},"end":{"line":39,"column":9}},"line":37},"6":{"name":"(anonymous_6)","decl":{"start":{"line":47,"column":0},"end":{"line":47,"column":1}},"loc":{"start":{"line":47,"column":10},"end":{"line":48,"column":22}},"line":47},"7":{"name":"(anonymous_7)","decl":{"start":{"line":50,"column":0},"end":{"line":50,"column":1}},"loc":{"start":{"line":50,"column":12},"end":{"line":52,"column":1}},"line":50}},"branchMap":{"0":{"loc":{"start":{"line":10,"column":91},"end":{"line":10,"column":137}},"type":"cond-expr","locations":[{"start":{"line":10,"column":115},"end":{"line":10,"column":118}},{"start":{"line":10,"column":121},"end":{"line":10,"column":137}}],"line":10},"1":{"loc":{"start":{"line":10,"column":91},"end":{"line":10,"column":112}},"type":"binary-expr","locations":[{"start":{"line":10,"column":91},"end":{"line":10,"column":94}},{"start":{"line":10,"column":98},"end":{"line":10,"column":112}}],"line":10},"2":{"loc":{"start":{"line":10,"column":178},"end":{"line":10,"column":394}},"type":"if","locations":[{"start":{"line":10,"column":178},"end":{"line":10,"column":394}},{"start":{"line":10,"column":178},"end":{"line":10,"column":394}}],"line":10},"3":{"loc":{"start":{"line":10,"column":182},"end":{"line":10,"column":203}},"type":"binary-expr","locations":[{"start":{"line":10,"column":182},"end":{"line":10,"column":185}},{"start":{"line":10,"column":189},"end":{"line":10,"column":203}}],"line":10},"4":{"loc":{"start":{"line":10,"column":241},"end":{"line":10,"column":358}},"type":"if","locations":[{"start":{"line":10,"column":241},"end":{"line":10,"column":358}},{"start":{"line":10,"column":241},"end":{"line":10,"column":358}}],"line":10},"5":{"loc":{"start":{"line":10,"column":281},"end":{"line":10,"column":356}},"type":"if","locations":[{"start":{"line":10,"column":281},"end":{"line":10,"column":356}},{"start":{"line":10,"column":281},"end":{"line":10,"column":356}}],"line":10},"6":{"loc":{"start":{"line":23,"column":4},"end":{"line":25,"column":5}},"type":"if","locations":[{"start":{"line":23,"column":4},"end":{"line":25,"column":5}},{"start":{"line":23,"column":4},"end":{"line":25,"column":5}}],"line":23}},"s":{"0":0,"1":0,"2":0,"3":0,"4":0,"5":0,"6":0,"7":0,"8":0,"9":0,"10":0,"11":0,"12":0,"13":0,"14":0,"15":0,"16":0,"17":0,"18":0,"19":0,"20":0,"21":0,"22":0,"23":0,"24":0,"25":0,"26":0,"27":0,"28":0,"29":0,"30":0,"31":0,"32":0,"33":0},"f":{"0":0,"1":0,"2":0,"3":0,"4":0,"5":0,"6":0,"7":0},"b":{"0":[0,0],"1":[0,0],"2":[0,0],"3":[0,0],"4":[0,0],"5":[0,0],"6":[0,0]}}
,"/Users/l.kuzenko/pet/cr-app/src/modules/Home/stack.const.js": {"path":"/Users/l.kuzenko/pet/cr-app/src/modules/Home/stack.const.js","statementMap":{"0":{"start":{"line":1,"column":21},"end":{"line":456,"column":2}}},"fnMap":{},"branchMap":{},"s":{"0":1},"f":{},"b":{},"_coverageSchema":"332fd63041d2c1bcb487cc26dd0d5f7d97098a6c","hash":"6f72fd21ab2749a4bb912293aee5517fb2ad5000"}
,"/Users/l.kuzenko/pet/cr-app/src/modules/Login/login.js": {"path":"/Users/l.kuzenko/pet/cr-app/src/modules/Login/login.js","statementMap":{"0":{"start":{"line":16,"column":18},"end":{"line":16,"column":50}},"1":{"start":{"line":18,"column":4},"end":{"line":22,"column":5}},"2":{"start":{"line":19,"column":6},"end":{"line":19,"column":44}},"3":{"start":{"line":21,"column":6},"end":{"line":21,"column":19}},"4":{"start":{"line":26,"column":4},"end":{"line":26,"column":29}},"5":{"start":{"line":31,"column":4},"end":{"line":37,"column":10}},"6":{"start":{"line":42,"column":12},"end":{"line":44,"column":3}},"7":{"start":{"line":46,"column":4},"end":{"line":46,"column":60}}},"fnMap":{"0":{"name":"(anonymous_0)","decl":{"start":{"line":15,"column":2},"end":{"line":15,"column":3}},"loc":{"start":{"line":15,"column":30},"end":{"line":23,"column":3}},"line":15},"1":{"name":"(anonymous_1)","decl":{"start":{"line":25,"column":11},"end":{"line":25,"column":12}},"loc":{"start":{"line":25,"column":23},"end":{"line":28,"column":3}},"line":25},"2":{"name":"(anonymous_2)","decl":{"start":{"line":30,"column":2},"end":{"line":30,"column":3}},"loc":{"start":{"line":30,"column":11},"end":{"line":38,"column":3}},"line":30},"3":{"name":"(anonymous_3)","decl":{"start":{"line":42,"column":2},"end":{"line":42,"column":3}},"loc":{"start":{"line":42,"column":12},"end":{"line":44,"column":3}},"line":42},"4":{"name":"(anonymous_4)","decl":{"start":{"line":45,"column":2},"end":{"line":45,"column":3}},"loc":{"start":{"line":45,"column":14},"end":{"line":47,"column":3}},"line":45}},"branchMap":{"0":{"loc":{"start":{"line":18,"column":4},"end":{"line":22,"column":5}},"type":"if","locations":[{"start":{"line":18,"column":4},"end":{"line":22,"column":5}},{"start":{"line":18,"column":4},"end":{"line":22,"column":5}}],"line":18}},"s":{"0":0,"1":0,"2":0,"3":0,"4":0,"5":0,"6":0,"7":0},"f":{"0":0,"1":0,"2":0,"3":0,"4":0},"b":{"0":[0,0]},"_coverageSchema":"332fd63041d2c1bcb487cc26dd0d5f7d97098a6c","hash":"7497f3cc7f6cba96548e8f78034b469153f4f402"}
,"/Users/l.kuzenko/pet/cr-app/src/modules/Registration/registration.js": {"path":"/Users/l.kuzenko/pet/cr-app/src/modules/Registration/registration.js","statementMap":{"0":{"start":{"line":6,"column":4},"end":{"line":9,"column":10}}},"fnMap":{"0":{"name":"(anonymous_0)","decl":{"start":{"line":5,"column":2},"end":{"line":5,"column":3}},"loc":{"start":{"line":5,"column":11},"end":{"line":10,"column":3}},"line":5}},"branchMap":{},"s":{"0":0},"f":{"0":0},"b":{},"_coverageSchema":"332fd63041d2c1bcb487cc26dd0d5f7d97098a6c","hash":"1b91bbc9994911ac112cc141fa309eb4f2ef793d"}
,"/Users/l.kuzenko/pet/cr-app/src/modules/Userlist/userlist.js": {"path":"/Users/l.kuzenko/pet/cr-app/src/modules/Userlist/userlist.js","statementMap":{"0":{"start":{"line":1,"column":13},"end":{"line":1,"column":75}},"1":{"start":{"line":1,"column":94},"end":{"line":1,"column":156}},"2":{"start":{"line":1,"column":157},"end":{"line":1,"column":180}},"3":{"start":{"line":2,"column":13},"end":{"line":2,"column":29}},"4":{"start":{"line":2,"column":44},"end":{"line":2,"column":74}},"5":{"start":{"line":3,"column":13},"end":{"line":3,"column":29}},"6":{"start":{"line":4,"column":18},"end":{"line":4,"column":40}},"7":{"start":{"line":5,"column":17},"end":{"line":5,"column":38}},"8":{"start":{"line":5,"column":57},"end":{"line":5,"column":91}},"9":{"start":{"line":7,"column":13},"end":{"line":7,"column":35}},"10":{"start":{"line":7,"column":58},"end":{"line":7,"column":89}},"11":{"start":{"line":8,"column":18},"end":{"line":8,"column":45}},"12":{"start":{"line":9,"column":18},"end":{"line":9,"column":52}},"13":{"start":{"line":9,"column":72},"end":{"line":9,"column":107}},"14":{"start":{"line":9,"column":147},"end":{"line":9,"column":363}},"15":{"start":{"line":9,"column":175},"end":{"line":9,"column":186}},"16":{"start":{"line":9,"column":207},"end":{"line":9,"column":209}},"17":{"start":{"line":9,"column":210},"end":{"line":9,"column":327}},"18":{"start":{"line":9,"column":228},"end":{"line":9,"column":326}},"19":{"start":{"line":9,"column":250},"end":{"line":9,"column":325}},"20":{"start":{"line":9,"column":302},"end":{"line":9,"column":325}},"21":{"start":{"line":9,"column":327},"end":{"line":9,"column":348}},"22":{"start":{"line":9,"column":348},"end":{"line":9,"column":362}},"23":{"start":{"line":9,"column":402},"end":{"line":9,"column":456}},"24":{"start":{"line":17,"column":4},"end":{"line":17,"column":26}},"25":{"start":{"line":21,"column":4},"end":{"line":21,"column":14}},"26":{"start":{"line":21,"column":29},"end":{"line":21,"column":41}},"27":{"start":{"line":21,"column":55},"end":{"line":21,"column":72}},"28":{"start":{"line":23,"column":4},"end":{"line":25,"column":5}},"29":{"start":{"line":24,"column":6},"end":{"line":24,"column":245}},"30":{"start":{"line":27,"column":4},"end":{"line":37,"column":131}},"31":{"start":{"line":31,"column":10},"end":{"line":32,"column":134}},"32":{"start":{"line":31,"column":116},"end":{"line":31,"column":132}},"33":{"start":{"line":39,"column":4},"end":{"line":39,"column":77}},"34":{"start":{"line":39,"column":77},"end":{"line":49,"column":10}},"35":{"start":{"line":43,"column":10},"end":{"line":44,"column":22}},"36":{"start":{"line":47,"column":2},"end":{"line":47,"column":86}}},"fnMap":{"0":{"name":"_interopRequireWildcard","decl":{"start":{"line":9,"column":117},"end":{"line":9,"column":140}},"loc":{"start":{"line":9,"column":146},"end":{"line":9,"column":364}},"line":9},"1":{"name":"_interopRequireDefault","decl":{"start":{"line":9,"column":373},"end":{"line":9,"column":395}},"loc":{"start":{"line":9,"column":401},"end":{"line":9,"column":457}},"line":9},"2":{"name":"(anonymous_2)","decl":{"start":{"line":16,"column":2},"end":{"line":16,"column":3}},"loc":{"start":{"line":16,"column":23},"end":{"line":18,"column":3}},"line":16},"3":{"name":"(anonymous_3)","decl":{"start":{"line":20,"column":2},"end":{"line":20,"column":3}},"loc":{"start":{"line":20,"column":11},"end":{"line":39,"column":3}},"line":20},"4":{"name":"(anonymous_4)","decl":{"start":{"line":30,"column":39},"end":{"line":30,"column":40}},"loc":{"start":{"line":30,"column":47},"end":{"line":34,"column":9}},"line":30},"5":{"name":"(anonymous_5)","decl":{"start":{"line":31,"column":110},"end":{"line":31,"column":111}},"loc":{"start":{"line":31,"column":116},"end":{"line":31,"column":132}},"line":31},"6":{"name":"(anonymous_6)","decl":{"start":{"line":43,"column":0},"end":{"line":43,"column":1}},"loc":{"start":{"line":43,"column":10},"end":{"line":44,"column":22}},"line":43},"7":{"name":"(anonymous_7)","decl":{"start":{"line":46,"column":0},"end":{"line":46,"column":1}},"loc":{"start":{"line":46,"column":12},"end":{"line":48,"column":1}},"line":46}},"branchMap":{"0":{"loc":{"start":{"line":9,"column":147},"end":{"line":9,"column":363}},"type":"if","locations":[{"start":{"line":9,"column":147},"end":{"line":9,"column":363}},{"start":{"line":9,"column":147},"end":{"line":9,"column":363}}],"line":9},"1":{"loc":{"start":{"line":9,"column":151},"end":{"line":9,"column":172}},"type":"binary-expr","locations":[{"start":{"line":9,"column":151},"end":{"line":9,"column":154}},{"start":{"line":9,"column":158},"end":{"line":9,"column":172}}],"line":9},"2":{"loc":{"start":{"line":9,"column":210},"end":{"line":9,"column":327}},"type":"if","locations":[{"start":{"line":9,"column":210},"end":{"line":9,"column":327}},{"start":{"line":9,"column":210},"end":{"line":9,"column":327}}],"line":9},"3":{"loc":{"start":{"line":9,"column":250},"end":{"line":9,"column":325}},"type":"if","locations":[{"start":{"line":9,"column":250},"end":{"line":9,"column":325}},{"start":{"line":9,"column":250},"end":{"line":9,"column":325}}],"line":9},"4":{"loc":{"start":{"line":9,"column":409},"end":{"line":9,"column":455}},"type":"cond-expr","locations":[{"start":{"line":9,"column":433},"end":{"line":9,"column":436}},{"start":{"line":9,"column":439},"end":{"line":9,"column":455}}],"line":9},"5":{"loc":{"start":{"line":9,"column":409},"end":{"line":9,"column":430}},"type":"binary-expr","locations":[{"start":{"line":9,"column":409},"end":{"line":9,"column":412}},{"start":{"line":9,"column":416},"end":{"line":9,"column":430}}],"line":9},"6":{"loc":{"start":{"line":23,"column":4},"end":{"line":25,"column":5}},"type":"if","locations":[{"start":{"line":23,"column":4},"end":{"line":25,"column":5}},{"start":{"line":23,"column":4},"end":{"line":25,"column":5}}],"line":23}},"s":{"0":0,"1":0,"2":0,"3":0,"4":0,"5":0,"6":0,"7":0,"8":0,"9":0,"10":0,"11":0,"12":0,"13":0,"14":0,"15":0,"16":0,"17":0,"18":0,"19":0,"20":0,"21":0,"22":0,"23":0,"24":0,"25":0,"26":0,"27":0,"28":0,"29":0,"30":0,"31":0,"32":0,"33":0,"34":0,"35":0,"36":0},"f":{"0":0,"1":0,"2":0,"3":0,"4":0,"5":0,"6":0,"7":0},"b":{"0":[0,0],"1":[0,0],"2":[0,0],"3":[0,0],"4":[0,0],"5":[0,0],"6":[0,0]}}
,"/Users/l.kuzenko/pet/cr-app/src/modules/Userlist/ActiveUser/activeUser.js": {"path":"/Users/l.kuzenko/pet/cr-app/src/modules/Userlist/ActiveUser/activeUser.js","statementMap":{"0":{"start":{"line":1,"column":13},"end":{"line":1,"column":75}},"1":{"start":{"line":1,"column":94},"end":{"line":1,"column":169}},"2":{"start":{"line":1,"column":183},"end":{"line":1,"column":199}},"3":{"start":{"line":1,"column":214},"end":{"line":1,"column":244}},"4":{"start":{"line":2,"column":18},"end":{"line":2,"column":40}},"5":{"start":{"line":2,"column":79},"end":{"line":2,"column":133}},"6":{"start":{"line":6,"column":17},"end":{"line":6,"column":38}},"7":{"start":{"line":8,"column":4},"end":{"line":8,"column":35}},"8":{"start":{"line":8,"column":22},"end":{"line":8,"column":34}},"9":{"start":{"line":10,"column":4},"end":{"line":17,"column":132}},"10":{"start":{"line":24,"column":24},"end":{"line":28,"column":1}},"11":{"start":{"line":25,"column":2},"end":{"line":26,"column":41}},"12":{"start":{"line":28,"column":2},"end":{"line":30,"column":54}}},"fnMap":{"0":{"name":"_interopRequireDefault","decl":{"start":{"line":2,"column":50},"end":{"line":2,"column":72}},"loc":{"start":{"line":2,"column":78},"end":{"line":2,"column":134}},"line":2},"1":{"name":"(anonymous_1)","decl":{"start":{"line":5,"column":2},"end":{"line":5,"column":3}},"loc":{"start":{"line":5,"column":11},"end":{"line":21,"column":3}},"line":5},"2":{"name":"(anonymous_2)","decl":{"start":{"line":24,"column":24},"end":{"line":24,"column":25}},"loc":{"start":{"line":24,"column":33},"end":{"line":28,"column":1}},"line":24}},"branchMap":{"0":{"loc":{"start":{"line":2,"column":86},"end":{"line":2,"column":132}},"type":"cond-expr","locations":[{"start":{"line":2,"column":110},"end":{"line":2,"column":113}},{"start":{"line":2,"column":116},"end":{"line":2,"column":132}}],"line":2},"1":{"loc":{"start":{"line":2,"column":86},"end":{"line":2,"column":107}},"type":"binary-expr","locations":[{"start":{"line":2,"column":86},"end":{"line":2,"column":89}},{"start":{"line":2,"column":93},"end":{"line":2,"column":107}}],"line":2},"2":{"loc":{"start":{"line":8,"column":4},"end":{"line":8,"column":35}},"type":"if","locations":[{"start":{"line":8,"column":4},"end":{"line":8,"column":35}},{"start":{"line":8,"column":4},"end":{"line":8,"column":35}}],"line":8}},"s":{"0":0,"1":0,"2":0,"3":0,"4":0,"5":0,"6":0,"7":0,"8":0,"9":0,"10":0,"11":0,"12":0},"f":{"0":0,"1":0,"2":0},"b":{"0":[0,0],"1":[0,0],"2":[0,0]}}
,"/Users/l.kuzenko/pet/cr-app/src/store/actions.const.js": {"path":"/Users/l.kuzenko/pet/cr-app/src/store/actions.const.js","statementMap":{"0":{"start":{"line":2,"column":26},"end":{"line":2,"column":38}},"1":{"start":{"line":3,"column":27},"end":{"line":3,"column":40}},"2":{"start":{"line":5,"column":21},"end":{"line":5,"column":28}},"3":{"start":{"line":7,"column":22},"end":{"line":7,"column":30}},"4":{"start":{"line":8,"column":23},"end":{"line":8,"column":32}},"5":{"start":{"line":10,"column":21},"end":{"line":10,"column":28}}},"fnMap":{},"branchMap":{},"s":{"0":1,"1":1,"2":1,"3":1,"4":1,"5":1},"f":{},"b":{},"_coverageSchema":"332fd63041d2c1bcb487cc26dd0d5f7d97098a6c","hash":"0b830c83ea3ffc3e5e12f66ff2e0d7ffac8a0e80"}
,"/Users/l.kuzenko/pet/cr-app/src/store/index.js": {"path":"/Users/l.kuzenko/pet/cr-app/src/store/index.js","statementMap":{},"fnMap":{},"branchMap":{},"s":{},"f":{},"b":{},"_coverageSchema":"332fd63041d2c1bcb487cc26dd0d5f7d97098a6c","hash":"352b608711d84ad02c23f9f0a045ea6e035c1a0d"}
,"/Users/l.kuzenko/pet/cr-app/src/store/rootReducer.js": {"path":"/Users/l.kuzenko/pet/cr-app/src/store/rootReducer.js","statementMap":{"0":{"start":{"line":6,"column":20},"end":{"line":12,"column":2}}},"fnMap":{},"branchMap":{},"s":{"0":1},"f":{},"b":{},"_coverageSchema":"332fd63041d2c1bcb487cc26dd0d5f7d97098a6c","hash":"386803588551640c995aa2c50a8c6fef2705996c"}
,"/Users/l.kuzenko/pet/cr-app/src/store/store.js": {"path":"/Users/l.kuzenko/pet/cr-app/src/store/store.js","statementMap":{"0":{"start":{"line":5,"column":25},"end":{"line":5,"column":158}},"1":{"start":{"line":6,"column":17},"end":{"line":6,"column":57}},"2":{"start":{"line":7,"column":14},"end":{"line":7,"column":48}}},"fnMap":{},"branchMap":{"0":{"loc":{"start":{"line":5,"column":25},"end":{"line":5,"column":158}},"type":"cond-expr","locations":[{"start":{"line":5,"column":101},"end":{"line":5,"column":148}},{"start":{"line":5,"column":151},"end":{"line":5,"column":158}}],"line":5},"1":{"loc":{"start":{"line":5,"column":25},"end":{"line":5,"column":98}},"type":"binary-expr","locations":[{"start":{"line":5,"column":25},"end":{"line":5,"column":51}},{"start":{"line":5,"column":55},"end":{"line":5,"column":98}}],"line":5}},"s":{"0":1,"1":1,"2":1},"f":{},"b":{"0":[0,1],"1":[1,1]},"_coverageSchema":"332fd63041d2c1bcb487cc26dd0d5f7d97098a6c","hash":"6a4ac7336785ea53e32773ad13330bc6a95679f8"}
,"/Users/l.kuzenko/pet/cr-app/src/store/actions/home.actions.js": {"path":"/Users/l.kuzenko/pet/cr-app/src/store/actions/home.actions.js","statementMap":{"0":{"start":{"line":4,"column":25},"end":{"line":11,"column":1}},"1":{"start":{"line":4,"column":31},"end":{"line":11,"column":1}},"2":{"start":{"line":5,"column":2},"end":{"line":10,"column":9}},"3":{"start":{"line":6,"column":4},"end":{"line":9,"column":6}}},"fnMap":{"0":{"name":"(anonymous_0)","decl":{"start":{"line":4,"column":25},"end":{"line":4,"column":26}},"loc":{"start":{"line":4,"column":31},"end":{"line":11,"column":1}},"line":4},"1":{"name":"(anonymous_1)","decl":{"start":{"line":4,"column":31},"end":{"line":4,"column":32}},"loc":{"start":{"line":4,"column":43},"end":{"line":11,"column":1}},"line":4},"2":{"name":"(anonymous_2)","decl":{"start":{"line":5,"column":13},"end":{"line":5,"column":14}},"loc":{"start":{"line":5,"column":17},"end":{"line":10,"column":3}},"line":5}},"branchMap":{},"s":{"0":1,"1":0,"2":0,"3":0},"f":{"0":0,"1":0,"2":0},"b":{},"_coverageSchema":"332fd63041d2c1bcb487cc26dd0d5f7d97098a6c","hash":"42bb588acad0b1a49d89facc55d0787401164885"}
,"/Users/l.kuzenko/pet/cr-app/src/store/actions/index.js": {"path":"/Users/l.kuzenko/pet/cr-app/src/store/actions/index.js","statementMap":{},"fnMap":{},"branchMap":{},"s":{},"f":{},"b":{},"_coverageSchema":"332fd63041d2c1bcb487cc26dd0d5f7d97098a6c","hash":"0580b54bc860825691e7bac5d98a31bfc2762b35"}
,"/Users/l.kuzenko/pet/cr-app/src/store/actions/login.actions.js": {"path":"/Users/l.kuzenko/pet/cr-app/src/store/actions/login.actions.js","statementMap":{"0":{"start":{"line":5,"column":21},"end":{"line":12,"column":1}},"1":{"start":{"line":5,"column":33},"end":{"line":12,"column":1}},"2":{"start":{"line":6,"column":2},"end":{"line":11,"column":9}},"3":{"start":{"line":7,"column":18},"end":{"line":7,"column":169}},"4":{"start":{"line":9,"column":4},"end":{"line":9,"column":43}},"5":{"start":{"line":10,"column":4},"end":{"line":10,"column":54}},"6":{"start":{"line":14,"column":22},"end":{"line":17,"column":1}},"7":{"start":{"line":14,"column":28},"end":{"line":17,"column":1}},"8":{"start":{"line":15,"column":2},"end":{"line":15,"column":37}},"9":{"start":{"line":16,"column":2},"end":{"line":16,"column":42}}},"fnMap":{"0":{"name":"(anonymous_0)","decl":{"start":{"line":5,"column":21},"end":{"line":5,"column":22}},"loc":{"start":{"line":5,"column":33},"end":{"line":12,"column":1}},"line":5},"1":{"name":"(anonymous_1)","decl":{"start":{"line":5,"column":33},"end":{"line":5,"column":34}},"loc":{"start":{"line":5,"column":45},"end":{"line":12,"column":1}},"line":5},"2":{"name":"(anonymous_2)","decl":{"start":{"line":6,"column":13},"end":{"line":6,"column":14}},"loc":{"start":{"line":6,"column":19},"end":{"line":11,"column":3}},"line":6},"3":{"name":"(anonymous_3)","decl":{"start":{"line":14,"column":22},"end":{"line":14,"column":23}},"loc":{"start":{"line":14,"column":28},"end":{"line":17,"column":1}},"line":14},"4":{"name":"(anonymous_4)","decl":{"start":{"line":14,"column":28},"end":{"line":14,"column":29}},"loc":{"start":{"line":14,"column":40},"end":{"line":17,"column":1}},"line":14}},"branchMap":{},"s":{"0":1,"1":0,"2":0,"3":0,"4":0,"5":0,"6":1,"7":0,"8":0,"9":0},"f":{"0":0,"1":0,"2":0,"3":0,"4":0},"b":{},"_coverageSchema":"332fd63041d2c1bcb487cc26dd0d5f7d97098a6c","hash":"60a51cbc0324db8edf960718ddd31e3aa7787956"}
,"/Users/l.kuzenko/pet/cr-app/src/store/actions/plan.actions.js": {"path":"/Users/l.kuzenko/pet/cr-app/src/store/actions/plan.actions.js","statementMap":{"0":{"start":{"line":4,"column":28},"end":{"line":11,"column":1}},"1":{"start":{"line":4,"column":34},"end":{"line":11,"column":1}},"2":{"start":{"line":5,"column":2},"end":{"line":10,"column":9}},"3":{"start":{"line":6,"column":4},"end":{"line":9,"column":6}}},"fnMap":{"0":{"name":"(anonymous_0)","decl":{"start":{"line":4,"column":28},"end":{"line":4,"column":29}},"loc":{"start":{"line":4,"column":34},"end":{"line":11,"column":1}},"line":4},"1":{"name":"(anonymous_1)","decl":{"start":{"line":4,"column":34},"end":{"line":4,"column":35}},"loc":{"start":{"line":4,"column":46},"end":{"line":11,"column":1}},"line":4},"2":{"name":"(anonymous_2)","decl":{"start":{"line":5,"column":13},"end":{"line":5,"column":14}},"loc":{"start":{"line":5,"column":17},"end":{"line":10,"column":3}},"line":5}},"branchMap":{},"s":{"0":1,"1":0,"2":0,"3":0},"f":{"0":0,"1":0,"2":0},"b":{},"_coverageSchema":"332fd63041d2c1bcb487cc26dd0d5f7d97098a6c","hash":"8963c33e77ac2b5a342e703b31e40540737edaa9"}
,"/Users/l.kuzenko/pet/cr-app/src/store/actions/users.actions.js": {"path":"/Users/l.kuzenko/pet/cr-app/src/store/actions/users.actions.js","statementMap":{"0":{"start":{"line":6,"column":2},"end":{"line":11,"column":5}},"1":{"start":{"line":7,"column":4},"end":{"line":11,"column":5}},"2":{"start":{"line":10,"column":18},"end":{"line":10,"column":33}},"3":{"start":{"line":15,"column":2},"end":{"line":20,"column":5}},"4":{"start":{"line":16,"column":4},"end":{"line":20,"column":5}},"5":{"start":{"line":19,"column":18},"end":{"line":19,"column":33}},"6":{"start":{"line":24,"column":24},"end":{"line":41,"column":1}},"7":{"start":{"line":24,"column":30},"end":{"line":41,"column":1}},"8":{"start":{"line":32,"column":2},"end":{"line":40,"column":5}},"9":{"start":{"line":36,"column":6},"end":{"line":39,"column":8}},"10":{"start":{"line":45,"column":2},"end":{"line":48,"column":3}}},"fnMap":{"0":{"name":"doSomething","decl":{"start":{"line":5,"column":9},"end":{"line":5,"column":20}},"loc":{"start":{"line":5,"column":23},"end":{"line":12,"column":1}},"line":5},"1":{"name":"(anonymous_1)","decl":{"start":{"line":6,"column":9},"end":{"line":6,"column":10}},"loc":{"start":{"line":7,"column":4},"end":{"line":11,"column":5}},"line":7},"2":{"name":"(anonymous_2)","decl":{"start":{"line":10,"column":6},"end":{"line":10,"column":7}},"loc":{"start":{"line":10,"column":18},"end":{"line":10,"column":33}},"line":10},"3":{"name":"doSomethingElse","decl":{"start":{"line":14,"column":9},"end":{"line":14,"column":24}},"loc":{"start":{"line":14,"column":27},"end":{"line":21,"column":1}},"line":14},"4":{"name":"(anonymous_4)","decl":{"start":{"line":15,"column":9},"end":{"line":15,"column":10}},"loc":{"start":{"line":16,"column":4},"end":{"line":20,"column":5}},"line":16},"5":{"name":"(anonymous_5)","decl":{"start":{"line":19,"column":6},"end":{"line":19,"column":7}},"loc":{"start":{"line":19,"column":18},"end":{"line":19,"column":33}},"line":19},"6":{"name":"(anonymous_6)","decl":{"start":{"line":24,"column":24},"end":{"line":24,"column":25}},"loc":{"start":{"line":24,"column":30},"end":{"line":41,"column":1}},"line":24},"7":{"name":"(anonymous_7)","decl":{"start":{"line":24,"column":30},"end":{"line":24,"column":31}},"loc":{"start":{"line":24,"column":42},"end":{"line":41,"column":1}},"line":24},"8":{"name":"(anonymous_8)","decl":{"start":{"line":35,"column":10},"end":{"line":35,"column":11}},"loc":{"start":{"line":35,"column":20},"end":{"line":40,"column":3}},"line":35},"9":{"name":"selectUser","decl":{"start":{"line":44,"column":16},"end":{"line":44,"column":26}},"loc":{"start":{"line":44,"column":33},"end":{"line":49,"column":1}},"line":44}},"branchMap":{},"s":{"0":0,"1":0,"2":0,"3":0,"4":0,"5":0,"6":1,"7":0,"8":0,"9":0,"10":0},"f":{"0":0,"1":0,"2":0,"3":0,"4":0,"5":0,"6":0,"7":0,"8":0,"9":0},"b":{},"_coverageSchema":"332fd63041d2c1bcb487cc26dd0d5f7d97098a6c","hash":"0f8e9ffef08535887c0f95a15804a8e704f5ca53"}
,"/Users/l.kuzenko/pet/cr-app/src/store/reducers/home.reducer.js": {"path":"/Users/l.kuzenko/pet/cr-app/src/store/reducers/home.reducer.js","statementMap":{"0":{"start":{"line":3,"column":21},"end":{"line":3,"column":23}},"1":{"start":{"line":5,"column":21},"end":{"line":15,"column":1}},"2":{"start":{"line":6,"column":2},"end":{"line":14,"column":3}},"3":{"start":{"line":8,"column":4},"end":{"line":11,"column":5}},"4":{"start":{"line":13,"column":4},"end":{"line":13,"column":16}}},"fnMap":{"0":{"name":"(anonymous_0)","decl":{"start":{"line":5,"column":21},"end":{"line":5,"column":22}},"loc":{"start":{"line":5,"column":55},"end":{"line":15,"column":1}},"line":5}},"branchMap":{"0":{"loc":{"start":{"line":5,"column":22},"end":{"line":5,"column":42}},"type":"default-arg","locations":[{"start":{"line":5,"column":30},"end":{"line":5,"column":42}}],"line":5},"1":{"loc":{"start":{"line":6,"column":2},"end":{"line":14,"column":3}},"type":"switch","locations":[{"start":{"line":7,"column":2},"end":{"line":11,"column":5}},{"start":{"line":12,"column":2},"end":{"line":13,"column":16}}],"line":6}},"s":{"0":1,"1":1,"2":3,"3":0,"4":3},"f":{"0":3},"b":{"0":[3],"1":[0,3]},"_coverageSchema":"332fd63041d2c1bcb487cc26dd0d5f7d97098a6c","hash":"8f96c1c0144b65e363604b5ba4acd8ba2a2dbbcb"}
,"/Users/l.kuzenko/pet/cr-app/src/store/reducers/index.js": {"path":"/Users/l.kuzenko/pet/cr-app/src/store/reducers/index.js","statementMap":{},"fnMap":{},"branchMap":{},"s":{},"f":{},"b":{},"_coverageSchema":"332fd63041d2c1bcb487cc26dd0d5f7d97098a6c","hash":"cc620dafd9a41457cae958bf8f6513c13c07848f"}
,"/Users/l.kuzenko/pet/cr-app/src/store/reducers/login.reducer.js": {"path":"/Users/l.kuzenko/pet/cr-app/src/store/reducers/login.reducer.js","statementMap":{"0":{"start":{"line":3,"column":21},"end":{"line":6,"column":1}},"1":{"start":{"line":8,"column":21},"end":{"line":20,"column":1}},"2":{"start":{"line":9,"column":2},"end":{"line":19,"column":3}},"3":{"start":{"line":11,"column":4},"end":{"line":14,"column":5}},"4":{"start":{"line":16,"column":4},"end":{"line":16,"column":23}},"5":{"start":{"line":18,"column":4},"end":{"line":18,"column":16}}},"fnMap":{"0":{"name":"(anonymous_0)","decl":{"start":{"line":8,"column":21},"end":{"line":8,"column":22}},"loc":{"start":{"line":8,"column":55},"end":{"line":20,"column":1}},"line":8}},"branchMap":{"0":{"loc":{"start":{"line":8,"column":22},"end":{"line":8,"column":42}},"type":"default-arg","locations":[{"start":{"line":8,"column":30},"end":{"line":8,"column":42}}],"line":8},"1":{"loc":{"start":{"line":9,"column":2},"end":{"line":19,"column":3}},"type":"switch","locations":[{"start":{"line":10,"column":2},"end":{"line":14,"column":5}},{"start":{"line":15,"column":2},"end":{"line":16,"column":23}},{"start":{"line":17,"column":2},"end":{"line":18,"column":16}}],"line":9}},"s":{"0":1,"1":1,"2":3,"3":0,"4":0,"5":3},"f":{"0":3},"b":{"0":[3],"1":[0,0,3]},"_coverageSchema":"332fd63041d2c1bcb487cc26dd0d5f7d97098a6c","hash":"1ab6af462c671a494b36bac105be8e0b5e21637a"}
,"/Users/l.kuzenko/pet/cr-app/src/store/reducers/plan.reducer.js": {"path":"/Users/l.kuzenko/pet/cr-app/src/store/reducers/plan.reducer.js","statementMap":{"0":{"start":{"line":3,"column":21},"end":{"line":3,"column":23}},"1":{"start":{"line":5,"column":21},"end":{"line":15,"column":1}},"2":{"start":{"line":6,"column":2},"end":{"line":14,"column":3}},"3":{"start":{"line":8,"column":4},"end":{"line":11,"column":5}},"4":{"start":{"line":13,"column":4},"end":{"line":13,"column":16}}},"fnMap":{"0":{"name":"(anonymous_0)","decl":{"start":{"line":5,"column":21},"end":{"line":5,"column":22}},"loc":{"start":{"line":5,"column":55},"end":{"line":15,"column":1}},"line":5}},"branchMap":{"0":{"loc":{"start":{"line":5,"column":22},"end":{"line":5,"column":42}},"type":"default-arg","locations":[{"start":{"line":5,"column":30},"end":{"line":5,"column":42}}],"line":5},"1":{"loc":{"start":{"line":6,"column":2},"end":{"line":14,"column":3}},"type":"switch","locations":[{"start":{"line":7,"column":2},"end":{"line":11,"column":5}},{"start":{"line":12,"column":2},"end":{"line":13,"column":16}}],"line":6}},"s":{"0":1,"1":1,"2":3,"3":0,"4":3},"f":{"0":3},"b":{"0":[3],"1":[0,3]},"_coverageSchema":"332fd63041d2c1bcb487cc26dd0d5f7d97098a6c","hash":"a565a6a051b63ed19fb50afe5b3106fd8a33fde9"}
,"/Users/l.kuzenko/pet/cr-app/src/store/reducers/users.reducer.js": {"path":"/Users/l.kuzenko/pet/cr-app/src/store/reducers/users.reducer.js","statementMap":{"0":{"start":{"line":3,"column":21},"end":{"line":6,"column":1}},"1":{"start":{"line":8,"column":21},"end":{"line":23,"column":1}},"2":{"start":{"line":9,"column":2},"end":{"line":22,"column":3}},"3":{"start":{"line":11,"column":4},"end":{"line":14,"column":6}},"4":{"start":{"line":16,"column":4},"end":{"line":19,"column":6}},"5":{"start":{"line":21,"column":4},"end":{"line":21,"column":16}}},"fnMap":{"0":{"name":"(anonymous_0)","decl":{"start":{"line":8,"column":21},"end":{"line":8,"column":22}},"loc":{"start":{"line":8,"column":55},"end":{"line":23,"column":1}},"line":8}},"branchMap":{"0":{"loc":{"start":{"line":8,"column":22},"end":{"line":8,"column":42}},"type":"default-arg","locations":[{"start":{"line":8,"column":30},"end":{"line":8,"column":42}}],"line":8},"1":{"loc":{"start":{"line":9,"column":2},"end":{"line":22,"column":3}},"type":"switch","locations":[{"start":{"line":10,"column":2},"end":{"line":14,"column":6}},{"start":{"line":15,"column":2},"end":{"line":19,"column":6}},{"start":{"line":20,"column":2},"end":{"line":21,"column":16}}],"line":9}},"s":{"0":1,"1":1,"2":3,"3":0,"4":0,"5":3},"f":{"0":3},"b":{"0":[3],"1":[0,0,3]},"_coverageSchema":"332fd63041d2c1bcb487cc26dd0d5f7d97098a6c","hash":"0796ada58ec85c4d4f4e6c2fd6795020a3515807"}
}
